21-Jul-2025 15:28:35.608 INFORMACIÓN [main] org.apache.catalina.startup.VersionLoggerListener.log Nombre de la versión del servidor: Apache Tomcat/11.0.9
21-Jul-2025 15:28:35.618 INFORMACIÓN [main] org.apache.catalina.startup.VersionLoggerListener.log Server built:                      Jul 1 2025 20:39:04 UTC
21-Jul-2025 15:28:35.620 INFORMACIÓN [main] org.apache.catalina.startup.VersionLoggerListener.log Número de versión de servidor:     11.0.9.0
21-Jul-2025 15:28:35.626 INFORMACIÓN [main] org.apache.catalina.startup.VersionLoggerListener.log OS Name:                           Windows 10
21-Jul-2025 15:28:35.627 INFORMACIÓN [main] org.apache.catalina.startup.VersionLoggerListener.log Versión de Systema Operativo:      10.0
21-Jul-2025 15:28:35.627 INFORMACIÓN [main] org.apache.catalina.startup.VersionLoggerListener.log Arquitectura:                      amd64
21-Jul-2025 15:28:35.628 INFORMACIÓN [main] org.apache.catalina.startup.VersionLoggerListener.log Java Home:                         C:\Program Files\java\jdk21.0.6_7
21-Jul-2025 15:28:35.630 INFORMACIÓN [main] org.apache.catalina.startup.VersionLoggerListener.log JVM Version:                       21.0.6+7-LTS
21-Jul-2025 15:28:35.632 INFORMACIÓN [main] org.apache.catalina.startup.VersionLoggerListener.log Vededor JVM:                       Amazon.com Inc.
21-Jul-2025 15:28:35.634 INFORMACIÓN [main] org.apache.catalina.startup.VersionLoggerListener.log CATALINA_BASE:                     E:\JAVA_ANDRES_GUZMAN\Form\apache-tomcat-11.0.9
21-Jul-2025 15:28:35.635 INFORMACIÓN [main] org.apache.catalina.startup.VersionLoggerListener.log CATALINA_HOME:                     E:\JAVA_ANDRES_GUZMAN\Form\apache-tomcat-11.0.9
21-Jul-2025 15:28:35.641 INFORMACIÓN [main] org.apache.catalina.startup.VersionLoggerListener.log Command line argument:             -Djava.util.logging.config.file=E:\JAVA_ANDRES_GUZMAN\Form\apache-tomcat-11.0.9\conf\logging.properties
21-Jul-2025 15:28:35.641 INFORMACIÓN [main] org.apache.catalina.startup.VersionLoggerListener.log Command line argument:             -Djava.util.logging.manager=org.apache.juli.ClassLoaderLogManager
21-Jul-2025 15:28:35.641 INFORMACIÓN [main] org.apache.catalina.startup.VersionLoggerListener.log Command line argument:             -Djdk.tls.ephemeralDHKeySize=2048
21-Jul-2025 15:28:35.642 INFORMACIÓN [main] org.apache.catalina.startup.VersionLoggerListener.log Command line argument:             --add-opens=java.base/java.lang=ALL-UNNAMED
21-Jul-2025 15:28:35.642 INFORMACIÓN [main] org.apache.catalina.startup.VersionLoggerListener.log Command line argument:             --add-opens=java.base/java.lang.reflect=ALL-UNNAMED
21-Jul-2025 15:28:35.643 INFORMACIÓN [main] org.apache.catalina.startup.VersionLoggerListener.log Command line argument:             --add-opens=java.base/java.io=ALL-UNNAMED
21-Jul-2025 15:28:35.643 INFORMACIÓN [main] org.apache.catalina.startup.VersionLoggerListener.log Command line argument:             --add-opens=java.base/java.util=ALL-UNNAMED
21-Jul-2025 15:28:35.643 INFORMACIÓN [main] org.apache.catalina.startup.VersionLoggerListener.log Command line argument:             --add-opens=java.base/java.util.concurrent=ALL-UNNAMED
21-Jul-2025 15:28:35.647 INFORMACIÓN [main] org.apache.catalina.startup.VersionLoggerListener.log Command line argument:             --add-opens=java.rmi/sun.rmi.transport=ALL-UNNAMED
21-Jul-2025 15:28:35.648 INFORMACIÓN [main] org.apache.catalina.startup.VersionLoggerListener.log Command line argument:             --enable-native-access=ALL-UNNAMED
21-Jul-2025 15:28:35.648 INFORMACIÓN [main] org.apache.catalina.startup.VersionLoggerListener.log Command line argument:             -Dcatalina.base=E:\JAVA_ANDRES_GUZMAN\Form\apache-tomcat-11.0.9
21-Jul-2025 15:28:35.649 INFORMACIÓN [main] org.apache.catalina.startup.VersionLoggerListener.log Command line argument:             -Dcatalina.home=E:\JAVA_ANDRES_GUZMAN\Form\apache-tomcat-11.0.9
21-Jul-2025 15:28:35.649 INFORMACIÓN [main] org.apache.catalina.startup.VersionLoggerListener.log Command line argument:             -Djava.io.tmpdir=E:\JAVA_ANDRES_GUZMAN\Form\apache-tomcat-11.0.9\temp
21-Jul-2025 15:28:35.692 INFORMACIÓN [main] org.apache.catalina.core.AprLifecycleListener.lifecycleEvent Cargada la biblioteca nativa APR de Apache Tomcat [2.0.9] con la versión APR [1.7.6].
21-Jul-2025 15:28:35.699 INFORMACIÓN [main] org.apache.catalina.core.AprLifecycleListener.initializeSSL OpenSSL inicializado correctamente [OpenSSL 3.5.0 8 Apr 2025]
21-Jul-2025 15:28:36.093 INFORMACIÓN [main] org.apache.coyote.AbstractProtocol.init Inicializando el manejador de protocolo ["http-nio-8080"]

21-Jul-2025 15:28:36.124 INFORMACIÓN [main] org.apache.catalina.startup.Catalina.load Server initialization in [775] milliseconds
21-Jul-2025 15:28:36.200 INFORMACIÓN [main] org.apache.catalina.core.StandardService.startInternal Arrancando servicio [Catalina]
21-Jul-2025 15:28:36.201 INFORMACIÓN [main] org.apache.catalina.core.StandardEngine.startInternal Starting Servlet engine: [Apache Tomcat/11.0.9]
21-Jul-2025 15:28:36.213 INFORMACIÓN [main] org.apache.catalina.startup.HostConfig.deployDirectory Desplegando el directorio [E:\JAVA_ANDRES_GUZMAN\Form\apache-tomcat-11.0.9\webapps\docs] de la aplicación web
21-Jul-2025 15:28:36.635 INFORMACIÓN [main] org.apache.catalina.startup.HostConfig.deployDirectory Deployment of web application directory [E:\JAVA_ANDRES_GUZMAN\Form\apache-tomcat-11.0.9\webapps\docs] has finished in [419] ms
21-Jul-2025 15:28:36.636 INFORMACIÓN [main] org.apache.catalina.startup.HostConfig.deployDirectory Desplegando el directorio [E:\JAVA_ANDRES_GUZMAN\Form\apache-tomcat-11.0.9\webapps\examples] de la aplicación web
21-Jul-2025 15:28:37.400 INFORMACIÓN [main] org.apache.catalina.startup.HostConfig.deployDirectory Deployment of web application directory [E:\JAVA_ANDRES_GUZMAN\Form\apache-tomcat-11.0.9\webapps\examples] has finished in [764] ms
21-Jul-2025 15:28:37.401 INFORMACIÓN [main] org.apache.catalina.startup.HostConfig.deployDirectory Desplegando el directorio [E:\JAVA_ANDRES_GUZMAN\Form\apache-tomcat-11.0.9\webapps\host-manager] de la aplicación web
21-Jul-2025 15:28:37.452 INFORMACIÓN [main] org.apache.catalina.startup.HostConfig.deployDirectory Deployment of web application directory [E:\JAVA_ANDRES_GUZMAN\Form\apache-tomcat-11.0.9\webapps\host-manager] has finished in [51] ms
21-Jul-2025 15:28:37.452 INFORMACIÓN [main] org.apache.catalina.startup.HostConfig.deployDirectory Desplegando el directorio [E:\JAVA_ANDRES_GUZMAN\Form\apache-tomcat-11.0.9\webapps\manager] de la aplicación web
21-Jul-2025 15:28:37.492 INFORMACIÓN [main] org.apache.catalina.startup.HostConfig.deployDirectory Deployment of web application directory [E:\JAVA_ANDRES_GUZMAN\Form\apache-tomcat-11.0.9\webapps\manager] has finished in [40] ms
21-Jul-2025 15:28:37.493 INFORMACIÓN [main] org.apache.catalina.startup.HostConfig.deployDirectory Desplegando el directorio [E:\JAVA_ANDRES_GUZMAN\Form\apache-tomcat-11.0.9\webapps\ROOT] de la aplicación web
21-Jul-2025 15:28:37.531 INFORMACIÓN [main] org.apache.catalina.startup.HostConfig.deployDirectory Deployment of web application directory [E:\JAVA_ANDRES_GUZMAN\Form\apache-tomcat-11.0.9\webapps\ROOT] has finished in [38] ms
21-Jul-2025 15:28:37.537 INFORMACIÓN [main] org.apache.coyote.AbstractProtocol.start Starting ProtocolHandler ["http-nio-8080"]
21-Jul-2025 15:28:37.565 INFORMACIÓN [main] org.apache.catalina.startup.Catalina.start Server startup in [1438] milliseconds
21-Jul-2025 15:30:21.908 INFORMACIÓN [http-nio-8080-exec-1] org.apache.catalina.startup.HostConfig.deployWAR Despliegue del archivo [E:\JAVA_ANDRES_GUZMAN\Form\apache-tomcat-11.0.9\webapps\Webapp-Form.war] de la aplicación web
21-Jul-2025 15:30:21.958 INFORMACIÓN [http-nio-8080-exec-1] org.apache.catalina.startup.HostConfig.deployWAR Deployment of web application archive [E:\JAVA_ANDRES_GUZMAN\Form\apache-tomcat-11.0.9\webapps\Webapp-Form.war] has finished in [50] ms
21-Jul-2025 15:52:32.581 INFORMACIÓN [http-nio-8080-exec-1] org.apache.catalina.startup.HostConfig.undeploy Repliegue (undeploy) de la aplicación web que tiene como trayectoria de contexto [/Webapp-Form]
21-Jul-2025 15:55:41.139 INFORMACIÓN [Thread-1] org.apache.coyote.AbstractProtocol.pause Pausing ProtocolHandler ["http-nio-8080"]
21-Jul-2025 15:55:41.161 INFORMACIÓN [Thread-1] org.apache.catalina.core.StandardService.stopInternal Parando servicio [Catalina]
21-Jul-2025 15:55:41.209 INFORMACIÓN [Thread-1] org.apache.coyote.AbstractProtocol.stop Stopping ProtocolHandler ["http-nio-8080"]
21-Jul-2025 15:55:41.214 INFORMACIÓN [Thread-1] org.apache.coyote.AbstractProtocol.destroy Destroying ProtocolHandler ["http-nio-8080"]
21-Jul-2025 15:56:26.995 INFORMACIÓN [main] org.apache.catalina.startup.VersionLoggerListener.log Nombre de la versión del servidor: Apache Tomcat/11.0.9
21-Jul-2025 15:56:27.000 INFORMACIÓN [main] org.apache.catalina.startup.VersionLoggerListener.log Server built:                      Jul 1 2025 20:39:04 UTC
21-Jul-2025 15:56:27.001 INFORMACIÓN [main] org.apache.catalina.startup.VersionLoggerListener.log Número de versión de servidor:     11.0.9.0
21-Jul-2025 15:56:27.001 INFORMACIÓN [main] org.apache.catalina.startup.VersionLoggerListener.log OS Name:                           Windows 10
21-Jul-2025 15:56:27.001 INFORMACIÓN [main] org.apache.catalina.startup.VersionLoggerListener.log Versión de Systema Operativo:      10.0
21-Jul-2025 15:56:27.001 INFORMACIÓN [main] org.apache.catalina.startup.VersionLoggerListener.log Arquitectura:                      amd64
21-Jul-2025 15:56:27.001 INFORMACIÓN [main] org.apache.catalina.startup.VersionLoggerListener.log Java Home:                         C:\Program Files\java\jdk21.0.6_7
21-Jul-2025 15:56:27.002 INFORMACIÓN [main] org.apache.catalina.startup.VersionLoggerListener.log JVM Version:                       21.0.6+7-LTS
21-Jul-2025 15:56:27.002 INFORMACIÓN [main] org.apache.catalina.startup.VersionLoggerListener.log Vededor JVM:                       Amazon.com Inc.
21-Jul-2025 15:56:27.002 INFORMACIÓN [main] org.apache.catalina.startup.VersionLoggerListener.log CATALINA_BASE:                     E:\JAVA_ANDRES_GUZMAN\Form\apache-tomcat-11.0.9
21-Jul-2025 15:56:27.003 INFORMACIÓN [main] org.apache.catalina.startup.VersionLoggerListener.log CATALINA_HOME:                     E:\JAVA_ANDRES_GUZMAN\Form\apache-tomcat-11.0.9
21-Jul-2025 15:56:27.016 INFORMACIÓN [main] org.apache.catalina.startup.VersionLoggerListener.log Command line argument:             -Djava.util.logging.config.file=E:\JAVA_ANDRES_GUZMAN\Form\apache-tomcat-11.0.9\conf\logging.properties
21-Jul-2025 15:56:27.016 INFORMACIÓN [main] org.apache.catalina.startup.VersionLoggerListener.log Command line argument:             -Djava.util.logging.manager=org.apache.juli.ClassLoaderLogManager
21-Jul-2025 15:56:27.017 INFORMACIÓN [main] org.apache.catalina.startup.VersionLoggerListener.log Command line argument:             -Djdk.tls.ephemeralDHKeySize=2048
21-Jul-2025 15:56:27.017 INFORMACIÓN [main] org.apache.catalina.startup.VersionLoggerListener.log Command line argument:             --add-opens=java.base/java.lang=ALL-UNNAMED
21-Jul-2025 15:56:27.017 INFORMACIÓN [main] org.apache.catalina.startup.VersionLoggerListener.log Command line argument:             --add-opens=java.base/java.lang.reflect=ALL-UNNAMED
21-Jul-2025 15:56:27.018 INFORMACIÓN [main] org.apache.catalina.startup.VersionLoggerListener.log Command line argument:             --add-opens=java.base/java.io=ALL-UNNAMED
21-Jul-2025 15:56:27.018 INFORMACIÓN [main] org.apache.catalina.startup.VersionLoggerListener.log Command line argument:             --add-opens=java.base/java.util=ALL-UNNAMED
21-Jul-2025 15:56:27.018 INFORMACIÓN [main] org.apache.catalina.startup.VersionLoggerListener.log Command line argument:             --add-opens=java.base/java.util.concurrent=ALL-UNNAMED
21-Jul-2025 15:56:27.019 INFORMACIÓN [main] org.apache.catalina.startup.VersionLoggerListener.log Command line argument:             --add-opens=java.rmi/sun.rmi.transport=ALL-UNNAMED
21-Jul-2025 15:56:27.019 INFORMACIÓN [main] org.apache.catalina.startup.VersionLoggerListener.log Command line argument:             --enable-native-access=ALL-UNNAMED
21-Jul-2025 15:56:27.020 INFORMACIÓN [main] org.apache.catalina.startup.VersionLoggerListener.log Command line argument:             -Dcatalina.base=E:\JAVA_ANDRES_GUZMAN\Form\apache-tomcat-11.0.9
21-Jul-2025 15:56:27.020 INFORMACIÓN [main] org.apache.catalina.startup.VersionLoggerListener.log Command line argument:             -Dcatalina.home=E:\JAVA_ANDRES_GUZMAN\Form\apache-tomcat-11.0.9
21-Jul-2025 15:56:27.021 INFORMACIÓN [main] org.apache.catalina.startup.VersionLoggerListener.log Command line argument:             -Djava.io.tmpdir=E:\JAVA_ANDRES_GUZMAN\Form\apache-tomcat-11.0.9\temp
21-Jul-2025 15:56:27.024 INFORMACIÓN [main] org.apache.catalina.core.AprLifecycleListener.lifecycleEvent Cargada la biblioteca nativa APR de Apache Tomcat [2.0.9] con la versión APR [1.7.6].
21-Jul-2025 15:56:27.031 INFORMACIÓN [main] org.apache.catalina.core.AprLifecycleListener.initializeSSL OpenSSL inicializado correctamente [OpenSSL 3.5.0 8 Apr 2025]
21-Jul-2025 15:56:27.403 INFORMACIÓN [main] org.apache.coyote.AbstractProtocol.init Inicializando el manejador de protocolo ["http-nio-8080"]

21-Jul-2025 15:56:27.431 INFORMACIÓN [main] org.apache.catalina.startup.Catalina.load Server initialization in [677] milliseconds
21-Jul-2025 15:56:27.506 INFORMACIÓN [main] org.apache.catalina.core.StandardService.startInternal Arrancando servicio [Catalina]
21-Jul-2025 15:56:27.506 INFORMACIÓN [main] org.apache.catalina.core.StandardEngine.startInternal Starting Servlet engine: [Apache Tomcat/11.0.9]
21-Jul-2025 15:56:27.518 INFORMACIÓN [main] org.apache.catalina.startup.HostConfig.deployDirectory Desplegando el directorio [E:\JAVA_ANDRES_GUZMAN\Form\apache-tomcat-11.0.9\webapps\docs] de la aplicación web
21-Jul-2025 15:56:27.973 INFORMACIÓN [main] org.apache.catalina.startup.HostConfig.deployDirectory Deployment of web application directory [E:\JAVA_ANDRES_GUZMAN\Form\apache-tomcat-11.0.9\webapps\docs] has finished in [452] ms
21-Jul-2025 15:56:27.974 INFORMACIÓN [main] org.apache.catalina.startup.HostConfig.deployDirectory Desplegando el directorio [E:\JAVA_ANDRES_GUZMAN\Form\apache-tomcat-11.0.9\webapps\examples] de la aplicación web
21-Jul-2025 15:56:28.384 INFORMACIÓN [main] org.apache.catalina.startup.HostConfig.deployDirectory Deployment of web application directory [E:\JAVA_ANDRES_GUZMAN\Form\apache-tomcat-11.0.9\webapps\examples] has finished in [411] ms
21-Jul-2025 15:56:28.385 INFORMACIÓN [main] org.apache.catalina.startup.HostConfig.deployDirectory Desplegando el directorio [E:\JAVA_ANDRES_GUZMAN\Form\apache-tomcat-11.0.9\webapps\host-manager] de la aplicación web
21-Jul-2025 15:56:28.428 INFORMACIÓN [main] org.apache.catalina.startup.HostConfig.deployDirectory Deployment of web application directory [E:\JAVA_ANDRES_GUZMAN\Form\apache-tomcat-11.0.9\webapps\host-manager] has finished in [43] ms
21-Jul-2025 15:56:28.429 INFORMACIÓN [main] org.apache.catalina.startup.HostConfig.deployDirectory Desplegando el directorio [E:\JAVA_ANDRES_GUZMAN\Form\apache-tomcat-11.0.9\webapps\manager] de la aplicación web
21-Jul-2025 15:56:28.469 INFORMACIÓN [main] org.apache.catalina.startup.HostConfig.deployDirectory Deployment of web application directory [E:\JAVA_ANDRES_GUZMAN\Form\apache-tomcat-11.0.9\webapps\manager] has finished in [40] ms
21-Jul-2025 15:56:28.470 INFORMACIÓN [main] org.apache.catalina.startup.HostConfig.deployDirectory Desplegando el directorio [E:\JAVA_ANDRES_GUZMAN\Form\apache-tomcat-11.0.9\webapps\ROOT] de la aplicación web
21-Jul-2025 15:56:28.505 INFORMACIÓN [main] org.apache.catalina.startup.HostConfig.deployDirectory Deployment of web application directory [E:\JAVA_ANDRES_GUZMAN\Form\apache-tomcat-11.0.9\webapps\ROOT] has finished in [36] ms
21-Jul-2025 15:56:28.511 INFORMACIÓN [main] org.apache.coyote.AbstractProtocol.start Starting ProtocolHandler ["http-nio-8080"]
21-Jul-2025 15:56:28.537 INFORMACIÓN [main] org.apache.catalina.startup.Catalina.start Server startup in [1105] milliseconds
21-Jul-2025 15:56:40.624 INFORMACIÓN [http-nio-8080-exec-1] org.apache.catalina.startup.HostConfig.deployWAR Despliegue del archivo [E:\JAVA_ANDRES_GUZMAN\Form\apache-tomcat-11.0.9\webapps\Webapp-Form.war] de la aplicación web
21-Jul-2025 15:56:40.682 INFORMACIÓN [http-nio-8080-exec-1] org.apache.catalina.startup.HostConfig.deployWAR Deployment of web application archive [E:\JAVA_ANDRES_GUZMAN\Form\apache-tomcat-11.0.9\webapps\Webapp-Form.war] has finished in [59] ms
21-Jul-2025 16:09:56.013 INFORMACIÓN [main] org.apache.catalina.startup.VersionLoggerListener.log Nombre de la versión del servidor: Apache Tomcat/11.0.9
21-Jul-2025 16:09:56.018 INFORMACIÓN [main] org.apache.catalina.startup.VersionLoggerListener.log Server built:                      Jul 1 2025 20:39:04 UTC
21-Jul-2025 16:09:56.019 INFORMACIÓN [main] org.apache.catalina.startup.VersionLoggerListener.log Número de versión de servidor:     11.0.9.0
21-Jul-2025 16:09:56.019 INFORMACIÓN [main] org.apache.catalina.startup.VersionLoggerListener.log OS Name:                           Windows 10
21-Jul-2025 16:09:56.019 INFORMACIÓN [main] org.apache.catalina.startup.VersionLoggerListener.log Versión de Systema Operativo:      10.0
21-Jul-2025 16:09:56.019 INFORMACIÓN [main] org.apache.catalina.startup.VersionLoggerListener.log Arquitectura:                      amd64
21-Jul-2025 16:09:56.020 INFORMACIÓN [main] org.apache.catalina.startup.VersionLoggerListener.log Java Home:                         C:\Program Files\java\jdk21.0.6_7
21-Jul-2025 16:09:56.020 INFORMACIÓN [main] org.apache.catalina.startup.VersionLoggerListener.log JVM Version:                       21.0.6+7-LTS
21-Jul-2025 16:09:56.020 INFORMACIÓN [main] org.apache.catalina.startup.VersionLoggerListener.log Vededor JVM:                       Amazon.com Inc.
21-Jul-2025 16:09:56.020 INFORMACIÓN [main] org.apache.catalina.startup.VersionLoggerListener.log CATALINA_BASE:                     E:\JAVA_ANDRES_GUZMAN\Form\apache-tomcat-11.0.9
21-Jul-2025 16:09:56.020 INFORMACIÓN [main] org.apache.catalina.startup.VersionLoggerListener.log CATALINA_HOME:                     E:\JAVA_ANDRES_GUZMAN\Form\apache-tomcat-11.0.9
21-Jul-2025 16:09:56.032 INFORMACIÓN [main] org.apache.catalina.startup.VersionLoggerListener.log Command line argument:             -Djava.util.logging.config.file=E:\JAVA_ANDRES_GUZMAN\Form\apache-tomcat-11.0.9\conf\logging.properties
21-Jul-2025 16:09:56.033 INFORMACIÓN [main] org.apache.catalina.startup.VersionLoggerListener.log Command line argument:             -Djava.util.logging.manager=org.apache.juli.ClassLoaderLogManager
21-Jul-2025 16:09:56.033 INFORMACIÓN [main] org.apache.catalina.startup.VersionLoggerListener.log Command line argument:             -Djdk.tls.ephemeralDHKeySize=2048
21-Jul-2025 16:09:56.033 INFORMACIÓN [main] org.apache.catalina.startup.VersionLoggerListener.log Command line argument:             --add-opens=java.base/java.lang=ALL-UNNAMED
21-Jul-2025 16:09:56.033 INFORMACIÓN [main] org.apache.catalina.startup.VersionLoggerListener.log Command line argument:             --add-opens=java.base/java.lang.reflect=ALL-UNNAMED
21-Jul-2025 16:09:56.034 INFORMACIÓN [main] org.apache.catalina.startup.VersionLoggerListener.log Command line argument:             --add-opens=java.base/java.io=ALL-UNNAMED
21-Jul-2025 16:09:56.037 INFORMACIÓN [main] org.apache.catalina.startup.VersionLoggerListener.log Command line argument:             --add-opens=java.base/java.util=ALL-UNNAMED
21-Jul-2025 16:09:56.037 INFORMACIÓN [main] org.apache.catalina.startup.VersionLoggerListener.log Command line argument:             --add-opens=java.base/java.util.concurrent=ALL-UNNAMED
21-Jul-2025 16:09:56.038 INFORMACIÓN [main] org.apache.catalina.startup.VersionLoggerListener.log Command line argument:             --add-opens=java.rmi/sun.rmi.transport=ALL-UNNAMED
21-Jul-2025 16:09:56.038 INFORMACIÓN [main] org.apache.catalina.startup.VersionLoggerListener.log Command line argument:             --enable-native-access=ALL-UNNAMED
21-Jul-2025 16:09:56.039 INFORMACIÓN [main] org.apache.catalina.startup.VersionLoggerListener.log Command line argument:             -Dcatalina.base=E:\JAVA_ANDRES_GUZMAN\Form\apache-tomcat-11.0.9
21-Jul-2025 16:09:56.039 INFORMACIÓN [main] org.apache.catalina.startup.VersionLoggerListener.log Command line argument:             -Dcatalina.home=E:\JAVA_ANDRES_GUZMAN\Form\apache-tomcat-11.0.9
21-Jul-2025 16:09:56.039 INFORMACIÓN [main] org.apache.catalina.startup.VersionLoggerListener.log Command line argument:             -Djava.io.tmpdir=E:\JAVA_ANDRES_GUZMAN\Form\apache-tomcat-11.0.9\temp
21-Jul-2025 16:09:56.042 INFORMACIÓN [main] org.apache.catalina.core.AprLifecycleListener.lifecycleEvent Cargada la biblioteca nativa APR de Apache Tomcat [2.0.9] con la versión APR [1.7.6].
21-Jul-2025 16:09:56.049 INFORMACIÓN [main] org.apache.catalina.core.AprLifecycleListener.initializeSSL OpenSSL inicializado correctamente [OpenSSL 3.5.0 8 Apr 2025]
21-Jul-2025 16:09:56.440 INFORMACIÓN [main] org.apache.coyote.AbstractProtocol.init Inicializando el manejador de protocolo ["http-nio-8080"]

21-Jul-2025 16:09:56.473 INFORMACIÓN [main] org.apache.catalina.startup.Catalina.load Server initialization in [690] milliseconds
21-Jul-2025 16:09:56.548 INFORMACIÓN [main] org.apache.catalina.core.StandardService.startInternal Arrancando servicio [Catalina]
21-Jul-2025 16:09:56.548 INFORMACIÓN [main] org.apache.catalina.core.StandardEngine.startInternal Starting Servlet engine: [Apache Tomcat/11.0.9]
21-Jul-2025 16:09:56.579 INFORMACIÓN [main] org.apache.catalina.startup.HostConfig.deployWAR Despliegue del archivo [E:\JAVA_ANDRES_GUZMAN\Form\apache-tomcat-11.0.9\webapps\Webapp-Form.war] de la aplicación web
21-Jul-2025 16:09:57.003 INFORMACIÓN [main] org.apache.catalina.startup.HostConfig.deployWAR Deployment of web application archive [E:\JAVA_ANDRES_GUZMAN\Form\apache-tomcat-11.0.9\webapps\Webapp-Form.war] has finished in [421] ms
21-Jul-2025 16:09:57.005 INFORMACIÓN [main] org.apache.catalina.startup.HostConfig.deployDirectory Desplegando el directorio [E:\JAVA_ANDRES_GUZMAN\Form\apache-tomcat-11.0.9\webapps\docs] de la aplicación web
21-Jul-2025 16:09:57.040 INFORMACIÓN [main] org.apache.catalina.startup.HostConfig.deployDirectory Deployment of web application directory [E:\JAVA_ANDRES_GUZMAN\Form\apache-tomcat-11.0.9\webapps\docs] has finished in [35] ms
21-Jul-2025 16:09:57.041 INFORMACIÓN [main] org.apache.catalina.startup.HostConfig.deployDirectory Desplegando el directorio [E:\JAVA_ANDRES_GUZMAN\Form\apache-tomcat-11.0.9\webapps\examples] de la aplicación web
21-Jul-2025 16:09:57.422 INFORMACIÓN [main] org.apache.catalina.startup.HostConfig.deployDirectory Deployment of web application directory [E:\JAVA_ANDRES_GUZMAN\Form\apache-tomcat-11.0.9\webapps\examples] has finished in [382] ms
21-Jul-2025 16:09:57.423 INFORMACIÓN [main] org.apache.catalina.startup.HostConfig.deployDirectory Desplegando el directorio [E:\JAVA_ANDRES_GUZMAN\Form\apache-tomcat-11.0.9\webapps\host-manager] de la aplicación web
21-Jul-2025 16:09:57.463 INFORMACIÓN [main] org.apache.catalina.startup.HostConfig.deployDirectory Deployment of web application directory [E:\JAVA_ANDRES_GUZMAN\Form\apache-tomcat-11.0.9\webapps\host-manager] has finished in [39] ms
21-Jul-2025 16:09:57.463 INFORMACIÓN [main] org.apache.catalina.startup.HostConfig.deployDirectory Desplegando el directorio [E:\JAVA_ANDRES_GUZMAN\Form\apache-tomcat-11.0.9\webapps\manager] de la aplicación web
21-Jul-2025 16:09:57.500 INFORMACIÓN [main] org.apache.catalina.startup.HostConfig.deployDirectory Deployment of web application directory [E:\JAVA_ANDRES_GUZMAN\Form\apache-tomcat-11.0.9\webapps\manager] has finished in [37] ms
21-Jul-2025 16:09:57.501 INFORMACIÓN [main] org.apache.catalina.startup.HostConfig.deployDirectory Desplegando el directorio [E:\JAVA_ANDRES_GUZMAN\Form\apache-tomcat-11.0.9\webapps\ROOT] de la aplicación web
21-Jul-2025 16:09:57.527 INFORMACIÓN [main] org.apache.catalina.startup.HostConfig.deployDirectory Deployment of web application directory [E:\JAVA_ANDRES_GUZMAN\Form\apache-tomcat-11.0.9\webapps\ROOT] has finished in [27] ms
21-Jul-2025 16:09:57.533 INFORMACIÓN [main] org.apache.coyote.AbstractProtocol.start Starting ProtocolHandler ["http-nio-8080"]
21-Jul-2025 16:09:57.563 INFORMACIÓN [main] org.apache.catalina.startup.Catalina.start Server startup in [1087] milliseconds
21-Jul-2025 16:10:07.530 INFORMACIÓN [http-nio-8080-exec-1] org.apache.catalina.startup.HostConfig.undeploy Repliegue (undeploy) de la aplicación web que tiene como trayectoria de contexto [/Webapp-Form]
21-Jul-2025 16:10:07.553 INFORMACIÓN [http-nio-8080-exec-1] org.apache.catalina.startup.HostConfig.deployWAR Despliegue del archivo [E:\JAVA_ANDRES_GUZMAN\Form\apache-tomcat-11.0.9\webapps\Webapp-Form.war] de la aplicación web
21-Jul-2025 16:10:07.605 INFORMACIÓN [http-nio-8080-exec-1] org.apache.catalina.startup.HostConfig.deployWAR Deployment of web application archive [E:\JAVA_ANDRES_GUZMAN\Form\apache-tomcat-11.0.9\webapps\Webapp-Form.war] has finished in [52] ms
21-Jul-2025 16:11:55.237 INFORMACIÓN [Thread-1] org.apache.coyote.AbstractProtocol.pause Pausing ProtocolHandler ["http-nio-8080"]
21-Jul-2025 16:11:55.259 INFORMACIÓN [Thread-1] org.apache.catalina.core.StandardService.stopInternal Parando servicio [Catalina]
21-Jul-2025 16:11:55.289 INFORMACIÓN [Thread-1] org.apache.coyote.AbstractProtocol.stop Stopping ProtocolHandler ["http-nio-8080"]
21-Jul-2025 16:11:55.295 INFORMACIÓN [Thread-1] org.apache.coyote.AbstractProtocol.destroy Destroying ProtocolHandler ["http-nio-8080"]
21-Jul-2025 17:23:42.892 INFORMACIÓN [main] org.apache.catalina.startup.VersionLoggerListener.log Nombre de la versión del servidor: Apache Tomcat/11.0.9
21-Jul-2025 17:23:42.898 INFORMACIÓN [main] org.apache.catalina.startup.VersionLoggerListener.log Server built:                      Jul 1 2025 20:39:04 UTC
21-Jul-2025 17:23:42.898 INFORMACIÓN [main] org.apache.catalina.startup.VersionLoggerListener.log Número de versión de servidor:     11.0.9.0
21-Jul-2025 17:23:42.898 INFORMACIÓN [main] org.apache.catalina.startup.VersionLoggerListener.log OS Name:                           Windows 10
21-Jul-2025 17:23:42.898 INFORMACIÓN [main] org.apache.catalina.startup.VersionLoggerListener.log Versión de Systema Operativo:      10.0
21-Jul-2025 17:23:42.899 INFORMACIÓN [main] org.apache.catalina.startup.VersionLoggerListener.log Arquitectura:                      amd64
21-Jul-2025 17:23:42.899 INFORMACIÓN [main] org.apache.catalina.startup.VersionLoggerListener.log Java Home:                         C:\Program Files\java\jdk21.0.6_7
21-Jul-2025 17:23:42.899 INFORMACIÓN [main] org.apache.catalina.startup.VersionLoggerListener.log JVM Version:                       21.0.6+7-LTS
21-Jul-2025 17:23:42.899 INFORMACIÓN [main] org.apache.catalina.startup.VersionLoggerListener.log Vededor JVM:                       Amazon.com Inc.
21-Jul-2025 17:23:42.900 INFORMACIÓN [main] org.apache.catalina.startup.VersionLoggerListener.log CATALINA_BASE:                     E:\JAVA_ANDRES_GUZMAN\Form\apache-tomcat-11.0.9
21-Jul-2025 17:23:42.900 INFORMACIÓN [main] org.apache.catalina.startup.VersionLoggerListener.log CATALINA_HOME:                     E:\JAVA_ANDRES_GUZMAN\Form\apache-tomcat-11.0.9
21-Jul-2025 17:23:42.912 INFORMACIÓN [main] org.apache.catalina.startup.VersionLoggerListener.log Command line argument:             -Djava.util.logging.config.file=E:\JAVA_ANDRES_GUZMAN\Form\apache-tomcat-11.0.9\conf\logging.properties
21-Jul-2025 17:23:42.912 INFORMACIÓN [main] org.apache.catalina.startup.VersionLoggerListener.log Command line argument:             -Djava.util.logging.manager=org.apache.juli.ClassLoaderLogManager
21-Jul-2025 17:23:42.912 INFORMACIÓN [main] org.apache.catalina.startup.VersionLoggerListener.log Command line argument:             -Djdk.tls.ephemeralDHKeySize=2048
21-Jul-2025 17:23:42.913 INFORMACIÓN [main] org.apache.catalina.startup.VersionLoggerListener.log Command line argument:             --add-opens=java.base/java.lang=ALL-UNNAMED
21-Jul-2025 17:23:42.913 INFORMACIÓN [main] org.apache.catalina.startup.VersionLoggerListener.log Command line argument:             --add-opens=java.base/java.lang.reflect=ALL-UNNAMED
21-Jul-2025 17:23:42.914 INFORMACIÓN [main] org.apache.catalina.startup.VersionLoggerListener.log Command line argument:             --add-opens=java.base/java.io=ALL-UNNAMED
21-Jul-2025 17:23:42.914 INFORMACIÓN [main] org.apache.catalina.startup.VersionLoggerListener.log Command line argument:             --add-opens=java.base/java.util=ALL-UNNAMED
21-Jul-2025 17:23:42.914 INFORMACIÓN [main] org.apache.catalina.startup.VersionLoggerListener.log Command line argument:             --add-opens=java.base/java.util.concurrent=ALL-UNNAMED
21-Jul-2025 17:23:42.915 INFORMACIÓN [main] org.apache.catalina.startup.VersionLoggerListener.log Command line argument:             --add-opens=java.rmi/sun.rmi.transport=ALL-UNNAMED
21-Jul-2025 17:23:42.918 INFORMACIÓN [main] org.apache.catalina.startup.VersionLoggerListener.log Command line argument:             --enable-native-access=ALL-UNNAMED
21-Jul-2025 17:23:42.918 INFORMACIÓN [main] org.apache.catalina.startup.VersionLoggerListener.log Command line argument:             -Dcatalina.base=E:\JAVA_ANDRES_GUZMAN\Form\apache-tomcat-11.0.9
21-Jul-2025 17:23:42.919 INFORMACIÓN [main] org.apache.catalina.startup.VersionLoggerListener.log Command line argument:             -Dcatalina.home=E:\JAVA_ANDRES_GUZMAN\Form\apache-tomcat-11.0.9
21-Jul-2025 17:23:42.919 INFORMACIÓN [main] org.apache.catalina.startup.VersionLoggerListener.log Command line argument:             -Djava.io.tmpdir=E:\JAVA_ANDRES_GUZMAN\Form\apache-tomcat-11.0.9\temp
21-Jul-2025 17:23:42.922 INFORMACIÓN [main] org.apache.catalina.core.AprLifecycleListener.lifecycleEvent Cargada la biblioteca nativa APR de Apache Tomcat [2.0.9] con la versión APR [1.7.6].
21-Jul-2025 17:23:42.928 INFORMACIÓN [main] org.apache.catalina.core.AprLifecycleListener.initializeSSL OpenSSL inicializado correctamente [OpenSSL 3.5.0 8 Apr 2025]
21-Jul-2025 17:23:43.333 INFORMACIÓN [main] org.apache.coyote.AbstractProtocol.init Inicializando el manejador de protocolo ["http-nio-8080"]

21-Jul-2025 17:23:43.364 INFORMACIÓN [main] org.apache.catalina.startup.Catalina.load Server initialization in [722] milliseconds
21-Jul-2025 17:23:43.434 INFORMACIÓN [main] org.apache.catalina.core.StandardService.startInternal Arrancando servicio [Catalina]
21-Jul-2025 17:23:43.435 INFORMACIÓN [main] org.apache.catalina.core.StandardEngine.startInternal Starting Servlet engine: [Apache Tomcat/11.0.9]
21-Jul-2025 17:23:43.463 INFORMACIÓN [main] org.apache.catalina.startup.HostConfig.deployWAR Despliegue del archivo [E:\JAVA_ANDRES_GUZMAN\Form\apache-tomcat-11.0.9\webapps\Webapp-Form.war] de la aplicación web
21-Jul-2025 17:23:43.894 INFORMACIÓN [main] org.apache.catalina.startup.HostConfig.deployWAR Deployment of web application archive [E:\JAVA_ANDRES_GUZMAN\Form\apache-tomcat-11.0.9\webapps\Webapp-Form.war] has finished in [425] ms
21-Jul-2025 17:23:43.895 INFORMACIÓN [main] org.apache.catalina.startup.HostConfig.deployDirectory Desplegando el directorio [E:\JAVA_ANDRES_GUZMAN\Form\apache-tomcat-11.0.9\webapps\docs] de la aplicación web
21-Jul-2025 17:23:43.934 INFORMACIÓN [main] org.apache.catalina.startup.HostConfig.deployDirectory Deployment of web application directory [E:\JAVA_ANDRES_GUZMAN\Form\apache-tomcat-11.0.9\webapps\docs] has finished in [39] ms
21-Jul-2025 17:23:43.934 INFORMACIÓN [main] org.apache.catalina.startup.HostConfig.deployDirectory Desplegando el directorio [E:\JAVA_ANDRES_GUZMAN\Form\apache-tomcat-11.0.9\webapps\examples] de la aplicación web
21-Jul-2025 17:23:44.338 INFORMACIÓN [main] org.apache.catalina.startup.HostConfig.deployDirectory Deployment of web application directory [E:\JAVA_ANDRES_GUZMAN\Form\apache-tomcat-11.0.9\webapps\examples] has finished in [404] ms
21-Jul-2025 17:23:44.338 INFORMACIÓN [main] org.apache.catalina.startup.HostConfig.deployDirectory Desplegando el directorio [E:\JAVA_ANDRES_GUZMAN\Form\apache-tomcat-11.0.9\webapps\host-manager] de la aplicación web
21-Jul-2025 17:23:44.381 INFORMACIÓN [main] org.apache.catalina.startup.HostConfig.deployDirectory Deployment of web application directory [E:\JAVA_ANDRES_GUZMAN\Form\apache-tomcat-11.0.9\webapps\host-manager] has finished in [42] ms
21-Jul-2025 17:23:44.381 INFORMACIÓN [main] org.apache.catalina.startup.HostConfig.deployDirectory Desplegando el directorio [E:\JAVA_ANDRES_GUZMAN\Form\apache-tomcat-11.0.9\webapps\manager] de la aplicación web
21-Jul-2025 17:23:44.420 INFORMACIÓN [main] org.apache.catalina.startup.HostConfig.deployDirectory Deployment of web application directory [E:\JAVA_ANDRES_GUZMAN\Form\apache-tomcat-11.0.9\webapps\manager] has finished in [38] ms
21-Jul-2025 17:23:44.420 INFORMACIÓN [main] org.apache.catalina.startup.HostConfig.deployDirectory Desplegando el directorio [E:\JAVA_ANDRES_GUZMAN\Form\apache-tomcat-11.0.9\webapps\ROOT] de la aplicación web
21-Jul-2025 17:23:44.446 INFORMACIÓN [main] org.apache.catalina.startup.HostConfig.deployDirectory Deployment of web application directory [E:\JAVA_ANDRES_GUZMAN\Form\apache-tomcat-11.0.9\webapps\ROOT] has finished in [26] ms
21-Jul-2025 17:23:44.452 INFORMACIÓN [main] org.apache.coyote.AbstractProtocol.start Starting ProtocolHandler ["http-nio-8080"]
21-Jul-2025 17:23:44.483 INFORMACIÓN [main] org.apache.catalina.startup.Catalina.start Server startup in [1116] milliseconds
21-Jul-2025 17:23:54.080 INFORMACIÓN [http-nio-8080-exec-1] org.apache.catalina.startup.HostConfig.undeploy Repliegue (undeploy) de la aplicación web que tiene como trayectoria de contexto [/Webapp-Form]
21-Jul-2025 17:23:54.103 INFORMACIÓN [http-nio-8080-exec-1] org.apache.catalina.startup.HostConfig.deployWAR Despliegue del archivo [E:\JAVA_ANDRES_GUZMAN\Form\apache-tomcat-11.0.9\webapps\Webapp-Form.war] de la aplicación web
21-Jul-2025 17:23:54.162 INFORMACIÓN [http-nio-8080-exec-1] org.apache.catalina.startup.HostConfig.deployWAR Deployment of web application archive [E:\JAVA_ANDRES_GUZMAN\Form\apache-tomcat-11.0.9\webapps\Webapp-Form.war] has finished in [59] ms
21-Jul-2025 17:25:09.958 INFORMACIÓN [Thread-1] org.apache.coyote.AbstractProtocol.pause Pausing ProtocolHandler ["http-nio-8080"]
21-Jul-2025 17:25:09.966 INFORMACIÓN [Thread-1] org.apache.catalina.core.StandardService.stopInternal Parando servicio [Catalina]
21-Jul-2025 17:25:09.984 INFORMACIÓN [Thread-1] org.apache.coyote.AbstractProtocol.stop Stopping ProtocolHandler ["http-nio-8080"]
21-Jul-2025 17:25:09.999 INFORMACIÓN [Thread-1] org.apache.coyote.AbstractProtocol.destroy Destroying ProtocolHandler ["http-nio-8080"]
21-Jul-2025 17:26:34.613 INFORMACIÓN [main] org.apache.catalina.startup.VersionLoggerListener.log Nombre de la versión del servidor: Apache Tomcat/11.0.9
21-Jul-2025 17:26:34.619 INFORMACIÓN [main] org.apache.catalina.startup.VersionLoggerListener.log Server built:                      Jul 1 2025 20:39:04 UTC
21-Jul-2025 17:26:34.619 INFORMACIÓN [main] org.apache.catalina.startup.VersionLoggerListener.log Número de versión de servidor:     11.0.9.0
21-Jul-2025 17:26:34.619 INFORMACIÓN [main] org.apache.catalina.startup.VersionLoggerListener.log OS Name:                           Windows 10
21-Jul-2025 17:26:34.620 INFORMACIÓN [main] org.apache.catalina.startup.VersionLoggerListener.log Versión de Systema Operativo:      10.0
21-Jul-2025 17:26:34.620 INFORMACIÓN [main] org.apache.catalina.startup.VersionLoggerListener.log Arquitectura:                      amd64
21-Jul-2025 17:26:34.620 INFORMACIÓN [main] org.apache.catalina.startup.VersionLoggerListener.log Java Home:                         C:\Program Files\java\jdk21.0.6_7
21-Jul-2025 17:26:34.620 INFORMACIÓN [main] org.apache.catalina.startup.VersionLoggerListener.log JVM Version:                       21.0.6+7-LTS
21-Jul-2025 17:26:34.620 INFORMACIÓN [main] org.apache.catalina.startup.VersionLoggerListener.log Vededor JVM:                       Amazon.com Inc.
21-Jul-2025 17:26:34.621 INFORMACIÓN [main] org.apache.catalina.startup.VersionLoggerListener.log CATALINA_BASE:                     E:\JAVA_ANDRES_GUZMAN\Form\apache-tomcat-11.0.9
21-Jul-2025 17:26:34.622 INFORMACIÓN [main] org.apache.catalina.startup.VersionLoggerListener.log CATALINA_HOME:                     E:\JAVA_ANDRES_GUZMAN\Form\apache-tomcat-11.0.9
21-Jul-2025 17:26:34.635 INFORMACIÓN [main] org.apache.catalina.startup.VersionLoggerListener.log Command line argument:             -Djava.util.logging.config.file=E:\JAVA_ANDRES_GUZMAN\Form\apache-tomcat-11.0.9\conf\logging.properties
21-Jul-2025 17:26:34.636 INFORMACIÓN [main] org.apache.catalina.startup.VersionLoggerListener.log Command line argument:             -Djava.util.logging.manager=org.apache.juli.ClassLoaderLogManager
21-Jul-2025 17:26:34.636 INFORMACIÓN [main] org.apache.catalina.startup.VersionLoggerListener.log Command line argument:             -Djdk.tls.ephemeralDHKeySize=2048
21-Jul-2025 17:26:34.636 INFORMACIÓN [main] org.apache.catalina.startup.VersionLoggerListener.log Command line argument:             --add-opens=java.base/java.lang=ALL-UNNAMED
21-Jul-2025 17:26:34.637 INFORMACIÓN [main] org.apache.catalina.startup.VersionLoggerListener.log Command line argument:             --add-opens=java.base/java.lang.reflect=ALL-UNNAMED
21-Jul-2025 17:26:34.637 INFORMACIÓN [main] org.apache.catalina.startup.VersionLoggerListener.log Command line argument:             --add-opens=java.base/java.io=ALL-UNNAMED
21-Jul-2025 17:26:34.638 INFORMACIÓN [main] org.apache.catalina.startup.VersionLoggerListener.log Command line argument:             --add-opens=java.base/java.util=ALL-UNNAMED
21-Jul-2025 17:26:34.638 INFORMACIÓN [main] org.apache.catalina.startup.VersionLoggerListener.log Command line argument:             --add-opens=java.base/java.util.concurrent=ALL-UNNAMED
21-Jul-2025 17:26:34.639 INFORMACIÓN [main] org.apache.catalina.startup.VersionLoggerListener.log Command line argument:             --add-opens=java.rmi/sun.rmi.transport=ALL-UNNAMED
21-Jul-2025 17:26:34.639 INFORMACIÓN [main] org.apache.catalina.startup.VersionLoggerListener.log Command line argument:             --enable-native-access=ALL-UNNAMED
21-Jul-2025 17:26:34.640 INFORMACIÓN [main] org.apache.catalina.startup.VersionLoggerListener.log Command line argument:             -Dcatalina.base=E:\JAVA_ANDRES_GUZMAN\Form\apache-tomcat-11.0.9
21-Jul-2025 17:26:34.640 INFORMACIÓN [main] org.apache.catalina.startup.VersionLoggerListener.log Command line argument:             -Dcatalina.home=E:\JAVA_ANDRES_GUZMAN\Form\apache-tomcat-11.0.9
21-Jul-2025 17:26:34.641 INFORMACIÓN [main] org.apache.catalina.startup.VersionLoggerListener.log Command line argument:             -Djava.io.tmpdir=E:\JAVA_ANDRES_GUZMAN\Form\apache-tomcat-11.0.9\temp
21-Jul-2025 17:26:34.644 INFORMACIÓN [main] org.apache.catalina.core.AprLifecycleListener.lifecycleEvent Cargada la biblioteca nativa APR de Apache Tomcat [2.0.9] con la versión APR [1.7.6].
21-Jul-2025 17:26:34.650 INFORMACIÓN [main] org.apache.catalina.core.AprLifecycleListener.initializeSSL OpenSSL inicializado correctamente [OpenSSL 3.5.0 8 Apr 2025]
21-Jul-2025 17:26:35.050 INFORMACIÓN [main] org.apache.coyote.AbstractProtocol.init Inicializando el manejador de protocolo ["http-nio-8080"]

21-Jul-2025 17:26:35.082 INFORMACIÓN [main] org.apache.catalina.startup.Catalina.load Server initialization in [717] milliseconds
21-Jul-2025 17:26:35.148 INFORMACIÓN [main] org.apache.catalina.core.StandardService.startInternal Arrancando servicio [Catalina]
21-Jul-2025 17:26:35.148 INFORMACIÓN [main] org.apache.catalina.core.StandardEngine.startInternal Starting Servlet engine: [Apache Tomcat/11.0.9]
21-Jul-2025 17:26:35.174 INFORMACIÓN [main] org.apache.catalina.startup.HostConfig.deployWAR Despliegue del archivo [E:\JAVA_ANDRES_GUZMAN\Form\apache-tomcat-11.0.9\webapps\Webapp-Form.war] de la aplicación web
21-Jul-2025 17:26:35.621 INFORMACIÓN [main] org.apache.catalina.startup.HostConfig.deployWAR Deployment of web application archive [E:\JAVA_ANDRES_GUZMAN\Form\apache-tomcat-11.0.9\webapps\Webapp-Form.war] has finished in [443] ms
21-Jul-2025 17:26:35.622 INFORMACIÓN [main] org.apache.catalina.startup.HostConfig.deployDirectory Desplegando el directorio [E:\JAVA_ANDRES_GUZMAN\Form\apache-tomcat-11.0.9\webapps\docs] de la aplicación web
21-Jul-2025 17:26:35.663 INFORMACIÓN [main] org.apache.catalina.startup.HostConfig.deployDirectory Deployment of web application directory [E:\JAVA_ANDRES_GUZMAN\Form\apache-tomcat-11.0.9\webapps\docs] has finished in [40] ms
21-Jul-2025 17:26:35.663 INFORMACIÓN [main] org.apache.catalina.startup.HostConfig.deployDirectory Desplegando el directorio [E:\JAVA_ANDRES_GUZMAN\Form\apache-tomcat-11.0.9\webapps\examples] de la aplicación web
21-Jul-2025 17:26:36.074 INFORMACIÓN [main] org.apache.catalina.startup.HostConfig.deployDirectory Deployment of web application directory [E:\JAVA_ANDRES_GUZMAN\Form\apache-tomcat-11.0.9\webapps\examples] has finished in [411] ms
21-Jul-2025 17:26:36.074 INFORMACIÓN [main] org.apache.catalina.startup.HostConfig.deployDirectory Desplegando el directorio [E:\JAVA_ANDRES_GUZMAN\Form\apache-tomcat-11.0.9\webapps\host-manager] de la aplicación web
21-Jul-2025 17:26:36.118 INFORMACIÓN [main] org.apache.catalina.startup.HostConfig.deployDirectory Deployment of web application directory [E:\JAVA_ANDRES_GUZMAN\Form\apache-tomcat-11.0.9\webapps\host-manager] has finished in [44] ms
21-Jul-2025 17:26:36.119 INFORMACIÓN [main] org.apache.catalina.startup.HostConfig.deployDirectory Desplegando el directorio [E:\JAVA_ANDRES_GUZMAN\Form\apache-tomcat-11.0.9\webapps\manager] de la aplicación web
21-Jul-2025 17:26:36.159 INFORMACIÓN [main] org.apache.catalina.startup.HostConfig.deployDirectory Deployment of web application directory [E:\JAVA_ANDRES_GUZMAN\Form\apache-tomcat-11.0.9\webapps\manager] has finished in [40] ms
21-Jul-2025 17:26:36.159 INFORMACIÓN [main] org.apache.catalina.startup.HostConfig.deployDirectory Desplegando el directorio [E:\JAVA_ANDRES_GUZMAN\Form\apache-tomcat-11.0.9\webapps\ROOT] de la aplicación web
21-Jul-2025 17:26:36.187 INFORMACIÓN [main] org.apache.catalina.startup.HostConfig.deployDirectory Deployment of web application directory [E:\JAVA_ANDRES_GUZMAN\Form\apache-tomcat-11.0.9\webapps\ROOT] has finished in [28] ms
21-Jul-2025 17:26:36.195 INFORMACIÓN [main] org.apache.coyote.AbstractProtocol.start Starting ProtocolHandler ["http-nio-8080"]
21-Jul-2025 17:26:36.227 INFORMACIÓN [main] org.apache.catalina.startup.Catalina.start Server startup in [1142] milliseconds
21-Jul-2025 17:26:48.664 INFORMACIÓN [http-nio-8080-exec-1] org.apache.catalina.startup.HostConfig.undeploy Repliegue (undeploy) de la aplicación web que tiene como trayectoria de contexto [/Webapp-Form]
21-Jul-2025 17:26:48.687 INFORMACIÓN [http-nio-8080-exec-1] org.apache.catalina.startup.HostConfig.deployWAR Despliegue del archivo [E:\JAVA_ANDRES_GUZMAN\Form\apache-tomcat-11.0.9\webapps\Webapp-Form.war] de la aplicación web
21-Jul-2025 17:26:48.739 INFORMACIÓN [http-nio-8080-exec-1] org.apache.catalina.startup.HostConfig.deployWAR Deployment of web application archive [E:\JAVA_ANDRES_GUZMAN\Form\apache-tomcat-11.0.9\webapps\Webapp-Form.war] has finished in [52] ms
21-Jul-2025 17:27:20.006 INFORMACIÓN [http-nio-8080-exec-5] org.apache.catalina.startup.HostConfig.undeploy Repliegue (undeploy) de la aplicación web que tiene como trayectoria de contexto [/Webapp-Form]
21-Jul-2025 17:27:20.020 INFORMACIÓN [http-nio-8080-exec-5] org.apache.catalina.startup.HostConfig.deployWAR Despliegue del archivo [E:\JAVA_ANDRES_GUZMAN\Form\apache-tomcat-11.0.9\webapps\Webapp-Form.war] de la aplicación web
21-Jul-2025 17:27:20.074 INFORMACIÓN [http-nio-8080-exec-5] org.apache.catalina.startup.HostConfig.deployWAR Deployment of web application archive [E:\JAVA_ANDRES_GUZMAN\Form\apache-tomcat-11.0.9\webapps\Webapp-Form.war] has finished in [53] ms
21-Jul-2025 17:55:05.297 INFORMACIÓN [http-nio-8080-exec-14] org.apache.catalina.startup.HostConfig.undeploy Repliegue (undeploy) de la aplicación web que tiene como trayectoria de contexto [/Webapp-Form]
21-Jul-2025 17:55:05.311 INFORMACIÓN [http-nio-8080-exec-14] org.apache.catalina.startup.HostConfig.deployWAR Despliegue del archivo [E:\JAVA_ANDRES_GUZMAN\Form\apache-tomcat-11.0.9\webapps\Webapp-Form.war] de la aplicación web
21-Jul-2025 17:55:05.378 INFORMACIÓN [http-nio-8080-exec-14] org.apache.catalina.startup.HostConfig.deployWAR Deployment of web application archive [E:\JAVA_ANDRES_GUZMAN\Form\apache-tomcat-11.0.9\webapps\Webapp-Form.war] has finished in [67] ms
21-Jul-2025 18:01:27.412 INFORMACIÓN [http-nio-8080-exec-25] org.apache.catalina.startup.HostConfig.undeploy Repliegue (undeploy) de la aplicación web que tiene como trayectoria de contexto [/Webapp-Form]
21-Jul-2025 18:01:27.425 INFORMACIÓN [http-nio-8080-exec-25] org.apache.catalina.startup.HostConfig.deployWAR Despliegue del archivo [E:\JAVA_ANDRES_GUZMAN\Form\apache-tomcat-11.0.9\webapps\Webapp-Form.war] de la aplicación web
21-Jul-2025 18:01:27.485 INFORMACIÓN [http-nio-8080-exec-25] org.apache.catalina.startup.HostConfig.deployWAR Deployment of web application archive [E:\JAVA_ANDRES_GUZMAN\Form\apache-tomcat-11.0.9\webapps\Webapp-Form.war] has finished in [60] ms
21-Jul-2025 18:02:09.783 INFORMACIÓN [http-nio-8080-exec-26] org.apache.catalina.startup.HostConfig.undeploy Repliegue (undeploy) de la aplicación web que tiene como trayectoria de contexto [/Webapp-Form]
21-Jul-2025 18:02:09.796 INFORMACIÓN [http-nio-8080-exec-26] org.apache.catalina.startup.HostConfig.deployWAR Despliegue del archivo [E:\JAVA_ANDRES_GUZMAN\Form\apache-tomcat-11.0.9\webapps\Webapp-Form.war] de la aplicación web
21-Jul-2025 18:02:09.858 INFORMACIÓN [http-nio-8080-exec-26] org.apache.catalina.startup.HostConfig.deployWAR Deployment of web application archive [E:\JAVA_ANDRES_GUZMAN\Form\apache-tomcat-11.0.9\webapps\Webapp-Form.war] has finished in [62] ms
21-Jul-2025 18:03:31.019 INFORMACIÓN [http-nio-8080-exec-35] org.apache.catalina.startup.HostConfig.undeploy Repliegue (undeploy) de la aplicación web que tiene como trayectoria de contexto [/Webapp-Form]
21-Jul-2025 18:03:31.035 INFORMACIÓN [http-nio-8080-exec-35] org.apache.catalina.startup.HostConfig.deployWAR Despliegue del archivo [E:\JAVA_ANDRES_GUZMAN\Form\apache-tomcat-11.0.9\webapps\Webapp-Form.war] de la aplicación web
21-Jul-2025 18:03:31.095 INFORMACIÓN [http-nio-8080-exec-35] org.apache.catalina.startup.HostConfig.deployWAR Deployment of web application archive [E:\JAVA_ANDRES_GUZMAN\Form\apache-tomcat-11.0.9\webapps\Webapp-Form.war] has finished in [59] ms
21-Jul-2025 18:07:06.590 INFORMACIÓN [http-nio-8080-exec-44] org.apache.catalina.startup.HostConfig.undeploy Repliegue (undeploy) de la aplicación web que tiene como trayectoria de contexto [/Webapp-Form]
21-Jul-2025 18:07:06.603 INFORMACIÓN [http-nio-8080-exec-44] org.apache.catalina.startup.HostConfig.deployWAR Despliegue del archivo [E:\JAVA_ANDRES_GUZMAN\Form\apache-tomcat-11.0.9\webapps\Webapp-Form.war] de la aplicación web
21-Jul-2025 18:07:06.652 INFORMACIÓN [http-nio-8080-exec-44] org.apache.catalina.startup.HostConfig.deployWAR Deployment of web application archive [E:\JAVA_ANDRES_GUZMAN\Form\apache-tomcat-11.0.9\webapps\Webapp-Form.war] has finished in [50] ms
21-Jul-2025 18:08:55.211 INFORMACIÓN [http-nio-8080-exec-53] org.apache.catalina.startup.HostConfig.undeploy Repliegue (undeploy) de la aplicación web que tiene como trayectoria de contexto [/Webapp-Form]
21-Jul-2025 18:08:55.222 INFORMACIÓN [http-nio-8080-exec-53] org.apache.catalina.startup.HostConfig.deployWAR Despliegue del archivo [E:\JAVA_ANDRES_GUZMAN\Form\apache-tomcat-11.0.9\webapps\Webapp-Form.war] de la aplicación web
21-Jul-2025 18:08:55.275 INFORMACIÓN [http-nio-8080-exec-53] org.apache.catalina.startup.HostConfig.deployWAR Deployment of web application archive [E:\JAVA_ANDRES_GUZMAN\Form\apache-tomcat-11.0.9\webapps\Webapp-Form.war] has finished in [52] ms
21-Jul-2025 18:09:34.669 INFORMACIÓN [http-nio-8080-exec-48] org.apache.catalina.startup.HostConfig.undeploy Repliegue (undeploy) de la aplicación web que tiene como trayectoria de contexto [/Webapp-Form]
21-Jul-2025 18:09:34.682 INFORMACIÓN [http-nio-8080-exec-48] org.apache.catalina.startup.HostConfig.deployWAR Despliegue del archivo [E:\JAVA_ANDRES_GUZMAN\Form\apache-tomcat-11.0.9\webapps\Webapp-Form.war] de la aplicación web
21-Jul-2025 18:09:34.735 INFORMACIÓN [http-nio-8080-exec-48] org.apache.catalina.startup.HostConfig.deployWAR Deployment of web application archive [E:\JAVA_ANDRES_GUZMAN\Form\apache-tomcat-11.0.9\webapps\Webapp-Form.war] has finished in [53] ms
21-Jul-2025 18:12:21.174 INFORMACIÓN [http-nio-8080-exec-64] org.apache.catalina.startup.HostConfig.undeploy Repliegue (undeploy) de la aplicación web que tiene como trayectoria de contexto [/Webapp-Form]
21-Jul-2025 18:12:21.186 INFORMACIÓN [http-nio-8080-exec-64] org.apache.catalina.startup.HostConfig.deployWAR Despliegue del archivo [E:\JAVA_ANDRES_GUZMAN\Form\apache-tomcat-11.0.9\webapps\Webapp-Form.war] de la aplicación web
21-Jul-2025 18:12:21.230 INFORMACIÓN [http-nio-8080-exec-64] org.apache.catalina.startup.HostConfig.deployWAR Deployment of web application archive [E:\JAVA_ANDRES_GUZMAN\Form\apache-tomcat-11.0.9\webapps\Webapp-Form.war] has finished in [43] ms
21-Jul-2025 18:13:22.859 INFORMACIÓN [Thread-1] org.apache.coyote.AbstractProtocol.pause Pausing ProtocolHandler ["http-nio-8080"]
21-Jul-2025 18:13:22.869 INFORMACIÓN [Thread-1] org.apache.catalina.core.StandardService.stopInternal Parando servicio [Catalina]
21-Jul-2025 18:13:22.890 INFORMACIÓN [Thread-1] org.apache.coyote.AbstractProtocol.stop Stopping ProtocolHandler ["http-nio-8080"]
21-Jul-2025 18:13:22.897 INFORMACIÓN [Thread-1] org.apache.coyote.AbstractProtocol.destroy Destroying ProtocolHandler ["http-nio-8080"]
21-Jul-2025 18:14:11.198 INFORMACIÓN [main] org.apache.catalina.startup.VersionLoggerListener.log Nombre de la versión del servidor: Apache Tomcat/11.0.9
21-Jul-2025 18:14:11.204 INFORMACIÓN [main] org.apache.catalina.startup.VersionLoggerListener.log Server built:                      Jul 1 2025 20:39:04 UTC
21-Jul-2025 18:14:11.205 INFORMACIÓN [main] org.apache.catalina.startup.VersionLoggerListener.log Número de versión de servidor:     11.0.9.0
21-Jul-2025 18:14:11.205 INFORMACIÓN [main] org.apache.catalina.startup.VersionLoggerListener.log OS Name:                           Windows 10
21-Jul-2025 18:14:11.205 INFORMACIÓN [main] org.apache.catalina.startup.VersionLoggerListener.log Versión de Systema Operativo:      10.0
21-Jul-2025 18:14:11.205 INFORMACIÓN [main] org.apache.catalina.startup.VersionLoggerListener.log Arquitectura:                      amd64
21-Jul-2025 18:14:11.206 INFORMACIÓN [main] org.apache.catalina.startup.VersionLoggerListener.log Java Home:                         C:\Program Files\java\jdk21.0.6_7
21-Jul-2025 18:14:11.206 INFORMACIÓN [main] org.apache.catalina.startup.VersionLoggerListener.log JVM Version:                       21.0.6+7-LTS
21-Jul-2025 18:14:11.206 INFORMACIÓN [main] org.apache.catalina.startup.VersionLoggerListener.log Vededor JVM:                       Amazon.com Inc.
21-Jul-2025 18:14:11.206 INFORMACIÓN [main] org.apache.catalina.startup.VersionLoggerListener.log CATALINA_BASE:                     E:\JAVA_ANDRES_GUZMAN\Form\apache-tomcat-11.0.9
21-Jul-2025 18:14:11.207 INFORMACIÓN [main] org.apache.catalina.startup.VersionLoggerListener.log CATALINA_HOME:                     E:\JAVA_ANDRES_GUZMAN\Form\apache-tomcat-11.0.9
21-Jul-2025 18:14:11.218 INFORMACIÓN [main] org.apache.catalina.startup.VersionLoggerListener.log Command line argument:             -Djava.util.logging.config.file=E:\JAVA_ANDRES_GUZMAN\Form\apache-tomcat-11.0.9\conf\logging.properties
21-Jul-2025 18:14:11.219 INFORMACIÓN [main] org.apache.catalina.startup.VersionLoggerListener.log Command line argument:             -Djava.util.logging.manager=org.apache.juli.ClassLoaderLogManager
21-Jul-2025 18:14:11.219 INFORMACIÓN [main] org.apache.catalina.startup.VersionLoggerListener.log Command line argument:             -Djdk.tls.ephemeralDHKeySize=2048
21-Jul-2025 18:14:11.219 INFORMACIÓN [main] org.apache.catalina.startup.VersionLoggerListener.log Command line argument:             --add-opens=java.base/java.lang=ALL-UNNAMED
21-Jul-2025 18:14:11.220 INFORMACIÓN [main] org.apache.catalina.startup.VersionLoggerListener.log Command line argument:             --add-opens=java.base/java.lang.reflect=ALL-UNNAMED
21-Jul-2025 18:14:11.226 INFORMACIÓN [main] org.apache.catalina.startup.VersionLoggerListener.log Command line argument:             --add-opens=java.base/java.io=ALL-UNNAMED
21-Jul-2025 18:14:11.226 INFORMACIÓN [main] org.apache.catalina.startup.VersionLoggerListener.log Command line argument:             --add-opens=java.base/java.util=ALL-UNNAMED
21-Jul-2025 18:14:11.227 INFORMACIÓN [main] org.apache.catalina.startup.VersionLoggerListener.log Command line argument:             --add-opens=java.base/java.util.concurrent=ALL-UNNAMED
21-Jul-2025 18:14:11.227 INFORMACIÓN [main] org.apache.catalina.startup.VersionLoggerListener.log Command line argument:             --add-opens=java.rmi/sun.rmi.transport=ALL-UNNAMED
21-Jul-2025 18:14:11.228 INFORMACIÓN [main] org.apache.catalina.startup.VersionLoggerListener.log Command line argument:             --enable-native-access=ALL-UNNAMED
21-Jul-2025 18:14:11.228 INFORMACIÓN [main] org.apache.catalina.startup.VersionLoggerListener.log Command line argument:             -Dcatalina.base=E:\JAVA_ANDRES_GUZMAN\Form\apache-tomcat-11.0.9
21-Jul-2025 18:14:11.228 INFORMACIÓN [main] org.apache.catalina.startup.VersionLoggerListener.log Command line argument:             -Dcatalina.home=E:\JAVA_ANDRES_GUZMAN\Form\apache-tomcat-11.0.9
21-Jul-2025 18:14:11.229 INFORMACIÓN [main] org.apache.catalina.startup.VersionLoggerListener.log Command line argument:             -Djava.io.tmpdir=E:\JAVA_ANDRES_GUZMAN\Form\apache-tomcat-11.0.9\temp
21-Jul-2025 18:14:11.232 INFORMACIÓN [main] org.apache.catalina.core.AprLifecycleListener.lifecycleEvent Cargada la biblioteca nativa APR de Apache Tomcat [2.0.9] con la versión APR [1.7.6].
21-Jul-2025 18:14:11.238 INFORMACIÓN [main] org.apache.catalina.core.AprLifecycleListener.initializeSSL OpenSSL inicializado correctamente [OpenSSL 3.5.0 8 Apr 2025]
21-Jul-2025 18:14:11.650 INFORMACIÓN [main] org.apache.coyote.AbstractProtocol.init Inicializando el manejador de protocolo ["http-nio-8080"]

21-Jul-2025 18:14:11.680 INFORMACIÓN [main] org.apache.catalina.startup.Catalina.load Server initialization in [737] milliseconds
21-Jul-2025 18:14:11.747 INFORMACIÓN [main] org.apache.catalina.core.StandardService.startInternal Arrancando servicio [Catalina]
21-Jul-2025 18:14:11.748 INFORMACIÓN [main] org.apache.catalina.core.StandardEngine.startInternal Starting Servlet engine: [Apache Tomcat/11.0.9]
21-Jul-2025 18:14:11.777 INFORMACIÓN [main] org.apache.catalina.startup.HostConfig.deployWAR Despliegue del archivo [E:\JAVA_ANDRES_GUZMAN\Form\apache-tomcat-11.0.9\webapps\Webapp-Form.war] de la aplicación web
21-Jul-2025 18:14:12.244 INFORMACIÓN [main] org.apache.catalina.startup.HostConfig.deployWAR Deployment of web application archive [E:\JAVA_ANDRES_GUZMAN\Form\apache-tomcat-11.0.9\webapps\Webapp-Form.war] has finished in [463] ms
21-Jul-2025 18:14:12.245 INFORMACIÓN [main] org.apache.catalina.startup.HostConfig.deployDirectory Desplegando el directorio [E:\JAVA_ANDRES_GUZMAN\Form\apache-tomcat-11.0.9\webapps\docs] de la aplicación web
21-Jul-2025 18:14:12.293 INFORMACIÓN [main] org.apache.catalina.startup.HostConfig.deployDirectory Deployment of web application directory [E:\JAVA_ANDRES_GUZMAN\Form\apache-tomcat-11.0.9\webapps\docs] has finished in [48] ms
21-Jul-2025 18:14:12.294 INFORMACIÓN [main] org.apache.catalina.startup.HostConfig.deployDirectory Desplegando el directorio [E:\JAVA_ANDRES_GUZMAN\Form\apache-tomcat-11.0.9\webapps\examples] de la aplicación web
21-Jul-2025 18:14:12.711 INFORMACIÓN [main] org.apache.catalina.startup.HostConfig.deployDirectory Deployment of web application directory [E:\JAVA_ANDRES_GUZMAN\Form\apache-tomcat-11.0.9\webapps\examples] has finished in [417] ms
21-Jul-2025 18:14:12.712 INFORMACIÓN [main] org.apache.catalina.startup.HostConfig.deployDirectory Desplegando el directorio [E:\JAVA_ANDRES_GUZMAN\Form\apache-tomcat-11.0.9\webapps\host-manager] de la aplicación web
21-Jul-2025 18:14:12.760 INFORMACIÓN [main] org.apache.catalina.startup.HostConfig.deployDirectory Deployment of web application directory [E:\JAVA_ANDRES_GUZMAN\Form\apache-tomcat-11.0.9\webapps\host-manager] has finished in [48] ms
21-Jul-2025 18:14:12.761 INFORMACIÓN [main] org.apache.catalina.startup.HostConfig.deployDirectory Desplegando el directorio [E:\JAVA_ANDRES_GUZMAN\Form\apache-tomcat-11.0.9\webapps\manager] de la aplicación web
21-Jul-2025 18:14:12.811 INFORMACIÓN [main] org.apache.catalina.startup.HostConfig.deployDirectory Deployment of web application directory [E:\JAVA_ANDRES_GUZMAN\Form\apache-tomcat-11.0.9\webapps\manager] has finished in [50] ms
21-Jul-2025 18:14:12.812 INFORMACIÓN [main] org.apache.catalina.startup.HostConfig.deployDirectory Desplegando el directorio [E:\JAVA_ANDRES_GUZMAN\Form\apache-tomcat-11.0.9\webapps\ROOT] de la aplicación web
21-Jul-2025 18:14:12.842 INFORMACIÓN [main] org.apache.catalina.startup.HostConfig.deployDirectory Deployment of web application directory [E:\JAVA_ANDRES_GUZMAN\Form\apache-tomcat-11.0.9\webapps\ROOT] has finished in [29] ms
21-Jul-2025 18:14:12.848 INFORMACIÓN [main] org.apache.coyote.AbstractProtocol.start Starting ProtocolHandler ["http-nio-8080"]
21-Jul-2025 18:14:12.879 INFORMACIÓN [main] org.apache.catalina.startup.Catalina.start Server startup in [1196] milliseconds
21-Jul-2025 18:14:23.223 INFORMACIÓN [http-nio-8080-exec-1] org.apache.catalina.startup.HostConfig.undeploy Repliegue (undeploy) de la aplicación web que tiene como trayectoria de contexto [/Webapp-Form]
21-Jul-2025 18:14:23.249 INFORMACIÓN [http-nio-8080-exec-1] org.apache.catalina.startup.HostConfig.deployWAR Despliegue del archivo [E:\JAVA_ANDRES_GUZMAN\Form\apache-tomcat-11.0.9\webapps\Webapp-Form.war] de la aplicación web
21-Jul-2025 18:14:23.305 INFORMACIÓN [http-nio-8080-exec-1] org.apache.catalina.startup.HostConfig.deployWAR Deployment of web application archive [E:\JAVA_ANDRES_GUZMAN\Form\apache-tomcat-11.0.9\webapps\Webapp-Form.war] has finished in [56] ms
21-Jul-2025 18:16:38.715 INFORMACIÓN [http-nio-8080-exec-11] org.apache.catalina.startup.HostConfig.undeploy Repliegue (undeploy) de la aplicación web que tiene como trayectoria de contexto [/Webapp-Form]
21-Jul-2025 18:16:38.727 INFORMACIÓN [http-nio-8080-exec-11] org.apache.catalina.startup.HostConfig.deployWAR Despliegue del archivo [E:\JAVA_ANDRES_GUZMAN\Form\apache-tomcat-11.0.9\webapps\Webapp-Form.war] de la aplicación web
21-Jul-2025 18:16:38.779 INFORMACIÓN [http-nio-8080-exec-11] org.apache.catalina.startup.HostConfig.deployWAR Deployment of web application archive [E:\JAVA_ANDRES_GUZMAN\Form\apache-tomcat-11.0.9\webapps\Webapp-Form.war] has finished in [52] ms
21-Jul-2025 18:19:13.979 INFORMACIÓN [Thread-1] org.apache.coyote.AbstractProtocol.pause Pausing ProtocolHandler ["http-nio-8080"]
21-Jul-2025 18:19:13.986 INFORMACIÓN [Thread-1] org.apache.catalina.core.StandardService.stopInternal Parando servicio [Catalina]
21-Jul-2025 18:19:14.007 INFORMACIÓN [Thread-1] org.apache.coyote.AbstractProtocol.stop Stopping ProtocolHandler ["http-nio-8080"]
21-Jul-2025 18:19:14.021 INFORMACIÓN [Thread-1] org.apache.coyote.AbstractProtocol.destroy Destroying ProtocolHandler ["http-nio-8080"]
21-Jul-2025 18:21:28.063 INFORMACIÓN [main] org.apache.catalina.startup.VersionLoggerListener.log Nombre de la versión del servidor: Apache Tomcat/11.0.9
21-Jul-2025 18:21:28.069 INFORMACIÓN [main] org.apache.catalina.startup.VersionLoggerListener.log Server built:                      Jul 1 2025 20:39:04 UTC
21-Jul-2025 18:21:28.069 INFORMACIÓN [main] org.apache.catalina.startup.VersionLoggerListener.log Número de versión de servidor:     11.0.9.0
21-Jul-2025 18:21:28.070 INFORMACIÓN [main] org.apache.catalina.startup.VersionLoggerListener.log OS Name:                           Windows 10
21-Jul-2025 18:21:28.070 INFORMACIÓN [main] org.apache.catalina.startup.VersionLoggerListener.log Versión de Systema Operativo:      10.0
21-Jul-2025 18:21:28.070 INFORMACIÓN [main] org.apache.catalina.startup.VersionLoggerListener.log Arquitectura:                      amd64
21-Jul-2025 18:21:28.071 INFORMACIÓN [main] org.apache.catalina.startup.VersionLoggerListener.log Java Home:                         C:\Program Files\java\jdk21.0.6_7
21-Jul-2025 18:21:28.071 INFORMACIÓN [main] org.apache.catalina.startup.VersionLoggerListener.log JVM Version:                       21.0.6+7-LTS
21-Jul-2025 18:21:28.071 INFORMACIÓN [main] org.apache.catalina.startup.VersionLoggerListener.log Vededor JVM:                       Amazon.com Inc.
21-Jul-2025 18:21:28.071 INFORMACIÓN [main] org.apache.catalina.startup.VersionLoggerListener.log CATALINA_BASE:                     E:\JAVA_ANDRES_GUZMAN\Form\apache-tomcat-11.0.9
21-Jul-2025 18:21:28.071 INFORMACIÓN [main] org.apache.catalina.startup.VersionLoggerListener.log CATALINA_HOME:                     E:\JAVA_ANDRES_GUZMAN\Form\apache-tomcat-11.0.9
21-Jul-2025 18:21:28.084 INFORMACIÓN [main] org.apache.catalina.startup.VersionLoggerListener.log Command line argument:             -Djava.util.logging.config.file=E:\JAVA_ANDRES_GUZMAN\Form\apache-tomcat-11.0.9\conf\logging.properties
21-Jul-2025 18:21:28.084 INFORMACIÓN [main] org.apache.catalina.startup.VersionLoggerListener.log Command line argument:             -Djava.util.logging.manager=org.apache.juli.ClassLoaderLogManager
21-Jul-2025 18:21:28.084 INFORMACIÓN [main] org.apache.catalina.startup.VersionLoggerListener.log Command line argument:             -Djdk.tls.ephemeralDHKeySize=2048
21-Jul-2025 18:21:28.084 INFORMACIÓN [main] org.apache.catalina.startup.VersionLoggerListener.log Command line argument:             --add-opens=java.base/java.lang=ALL-UNNAMED
21-Jul-2025 18:21:28.085 INFORMACIÓN [main] org.apache.catalina.startup.VersionLoggerListener.log Command line argument:             --add-opens=java.base/java.lang.reflect=ALL-UNNAMED
21-Jul-2025 18:21:28.085 INFORMACIÓN [main] org.apache.catalina.startup.VersionLoggerListener.log Command line argument:             --add-opens=java.base/java.io=ALL-UNNAMED
21-Jul-2025 18:21:28.086 INFORMACIÓN [main] org.apache.catalina.startup.VersionLoggerListener.log Command line argument:             --add-opens=java.base/java.util=ALL-UNNAMED
21-Jul-2025 18:21:28.086 INFORMACIÓN [main] org.apache.catalina.startup.VersionLoggerListener.log Command line argument:             --add-opens=java.base/java.util.concurrent=ALL-UNNAMED
21-Jul-2025 18:21:28.087 INFORMACIÓN [main] org.apache.catalina.startup.VersionLoggerListener.log Command line argument:             --add-opens=java.rmi/sun.rmi.transport=ALL-UNNAMED
21-Jul-2025 18:21:28.087 INFORMACIÓN [main] org.apache.catalina.startup.VersionLoggerListener.log Command line argument:             --enable-native-access=ALL-UNNAMED
21-Jul-2025 18:21:28.087 INFORMACIÓN [main] org.apache.catalina.startup.VersionLoggerListener.log Command line argument:             -Dcatalina.base=E:\JAVA_ANDRES_GUZMAN\Form\apache-tomcat-11.0.9
21-Jul-2025 18:21:28.088 INFORMACIÓN [main] org.apache.catalina.startup.VersionLoggerListener.log Command line argument:             -Dcatalina.home=E:\JAVA_ANDRES_GUZMAN\Form\apache-tomcat-11.0.9
21-Jul-2025 18:21:28.088 INFORMACIÓN [main] org.apache.catalina.startup.VersionLoggerListener.log Command line argument:             -Djava.io.tmpdir=E:\JAVA_ANDRES_GUZMAN\Form\apache-tomcat-11.0.9\temp
21-Jul-2025 18:21:28.091 INFORMACIÓN [main] org.apache.catalina.core.AprLifecycleListener.lifecycleEvent Cargada la biblioteca nativa APR de Apache Tomcat [2.0.9] con la versión APR [1.7.6].
21-Jul-2025 18:21:28.097 INFORMACIÓN [main] org.apache.catalina.core.AprLifecycleListener.initializeSSL OpenSSL inicializado correctamente [OpenSSL 3.5.0 8 Apr 2025]
21-Jul-2025 18:21:28.484 INFORMACIÓN [main] org.apache.coyote.AbstractProtocol.init Inicializando el manejador de protocolo ["http-nio-8080"]

21-Jul-2025 18:21:28.514 INFORMACIÓN [main] org.apache.catalina.startup.Catalina.load Server initialization in [691] milliseconds
21-Jul-2025 18:21:28.582 INFORMACIÓN [main] org.apache.catalina.core.StandardService.startInternal Arrancando servicio [Catalina]
21-Jul-2025 18:21:28.582 INFORMACIÓN [main] org.apache.catalina.core.StandardEngine.startInternal Starting Servlet engine: [Apache Tomcat/11.0.9]
21-Jul-2025 18:21:28.608 INFORMACIÓN [main] org.apache.catalina.startup.HostConfig.deployWAR Despliegue del archivo [E:\JAVA_ANDRES_GUZMAN\Form\apache-tomcat-11.0.9\webapps\Webapp-Form.war] de la aplicación web
21-Jul-2025 18:21:29.046 INFORMACIÓN [main] org.apache.catalina.startup.HostConfig.deployWAR Deployment of web application archive [E:\JAVA_ANDRES_GUZMAN\Form\apache-tomcat-11.0.9\webapps\Webapp-Form.war] has finished in [433] ms
21-Jul-2025 18:21:29.047 INFORMACIÓN [main] org.apache.catalina.startup.HostConfig.deployDirectory Desplegando el directorio [E:\JAVA_ANDRES_GUZMAN\Form\apache-tomcat-11.0.9\webapps\docs] de la aplicación web
21-Jul-2025 18:21:29.084 INFORMACIÓN [main] org.apache.catalina.startup.HostConfig.deployDirectory Deployment of web application directory [E:\JAVA_ANDRES_GUZMAN\Form\apache-tomcat-11.0.9\webapps\docs] has finished in [37] ms
21-Jul-2025 18:21:29.085 INFORMACIÓN [main] org.apache.catalina.startup.HostConfig.deployDirectory Desplegando el directorio [E:\JAVA_ANDRES_GUZMAN\Form\apache-tomcat-11.0.9\webapps\examples] de la aplicación web
21-Jul-2025 18:21:29.480 INFORMACIÓN [main] org.apache.catalina.startup.HostConfig.deployDirectory Deployment of web application directory [E:\JAVA_ANDRES_GUZMAN\Form\apache-tomcat-11.0.9\webapps\examples] has finished in [394] ms
21-Jul-2025 18:21:29.480 INFORMACIÓN [main] org.apache.catalina.startup.HostConfig.deployDirectory Desplegando el directorio [E:\JAVA_ANDRES_GUZMAN\Form\apache-tomcat-11.0.9\webapps\host-manager] de la aplicación web
21-Jul-2025 18:21:29.518 INFORMACIÓN [main] org.apache.catalina.startup.HostConfig.deployDirectory Deployment of web application directory [E:\JAVA_ANDRES_GUZMAN\Form\apache-tomcat-11.0.9\webapps\host-manager] has finished in [38] ms
21-Jul-2025 18:21:29.519 INFORMACIÓN [main] org.apache.catalina.startup.HostConfig.deployDirectory Desplegando el directorio [E:\JAVA_ANDRES_GUZMAN\Form\apache-tomcat-11.0.9\webapps\manager] de la aplicación web
21-Jul-2025 18:21:29.551 INFORMACIÓN [main] org.apache.catalina.startup.HostConfig.deployDirectory Deployment of web application directory [E:\JAVA_ANDRES_GUZMAN\Form\apache-tomcat-11.0.9\webapps\manager] has finished in [31] ms
21-Jul-2025 18:21:29.551 INFORMACIÓN [main] org.apache.catalina.startup.HostConfig.deployDirectory Desplegando el directorio [E:\JAVA_ANDRES_GUZMAN\Form\apache-tomcat-11.0.9\webapps\ROOT] de la aplicación web
21-Jul-2025 18:21:29.580 INFORMACIÓN [main] org.apache.catalina.startup.HostConfig.deployDirectory Deployment of web application directory [E:\JAVA_ANDRES_GUZMAN\Form\apache-tomcat-11.0.9\webapps\ROOT] has finished in [28] ms
21-Jul-2025 18:21:29.587 INFORMACIÓN [main] org.apache.coyote.AbstractProtocol.start Starting ProtocolHandler ["http-nio-8080"]
21-Jul-2025 18:21:29.618 INFORMACIÓN [main] org.apache.catalina.startup.Catalina.start Server startup in [1103] milliseconds
21-Jul-2025 18:21:39.168 INFORMACIÓN [http-nio-8080-exec-1] org.apache.catalina.startup.HostConfig.undeploy Repliegue (undeploy) de la aplicación web que tiene como trayectoria de contexto [/Webapp-Form]
21-Jul-2025 18:21:39.189 INFORMACIÓN [http-nio-8080-exec-1] org.apache.catalina.startup.HostConfig.deployWAR Despliegue del archivo [E:\JAVA_ANDRES_GUZMAN\Form\apache-tomcat-11.0.9\webapps\Webapp-Form.war] de la aplicación web
21-Jul-2025 18:21:39.238 INFORMACIÓN [http-nio-8080-exec-1] org.apache.catalina.startup.HostConfig.deployWAR Deployment of web application archive [E:\JAVA_ANDRES_GUZMAN\Form\apache-tomcat-11.0.9\webapps\Webapp-Form.war] has finished in [49] ms
21-Jul-2025 18:27:40.842 INFORMACIÓN [http-nio-8080-exec-11] org.apache.catalina.startup.HostConfig.undeploy Repliegue (undeploy) de la aplicación web que tiene como trayectoria de contexto [/Webapp-Form]
21-Jul-2025 18:27:40.857 INFORMACIÓN [http-nio-8080-exec-11] org.apache.catalina.startup.HostConfig.deployWAR Despliegue del archivo [E:\JAVA_ANDRES_GUZMAN\Form\apache-tomcat-11.0.9\webapps\Webapp-Form.war] de la aplicación web
21-Jul-2025 18:27:40.917 INFORMACIÓN [http-nio-8080-exec-11] org.apache.catalina.startup.HostConfig.deployWAR Deployment of web application archive [E:\JAVA_ANDRES_GUZMAN\Form\apache-tomcat-11.0.9\webapps\Webapp-Form.war] has finished in [60] ms
21-Jul-2025 18:28:36.465 INFORMACIÓN [http-nio-8080-exec-21] org.apache.catalina.startup.HostConfig.undeploy Repliegue (undeploy) de la aplicación web que tiene como trayectoria de contexto [/Webapp-Form]
21-Jul-2025 18:28:36.476 INFORMACIÓN [http-nio-8080-exec-21] org.apache.catalina.startup.HostConfig.deployWAR Despliegue del archivo [E:\JAVA_ANDRES_GUZMAN\Form\apache-tomcat-11.0.9\webapps\Webapp-Form.war] de la aplicación web
21-Jul-2025 18:28:36.526 INFORMACIÓN [http-nio-8080-exec-21] org.apache.catalina.startup.HostConfig.deployWAR Deployment of web application archive [E:\JAVA_ANDRES_GUZMAN\Form\apache-tomcat-11.0.9\webapps\Webapp-Form.war] has finished in [50] ms
21-Jul-2025 18:31:05.139 INFORMACIÓN [http-nio-8080-exec-28] org.apache.catalina.startup.HostConfig.undeploy Repliegue (undeploy) de la aplicación web que tiene como trayectoria de contexto [/Webapp-Form]
21-Jul-2025 18:31:05.155 INFORMACIÓN [http-nio-8080-exec-28] org.apache.catalina.startup.HostConfig.deployWAR Despliegue del archivo [E:\JAVA_ANDRES_GUZMAN\Form\apache-tomcat-11.0.9\webapps\Webapp-Form.war] de la aplicación web
21-Jul-2025 18:31:05.219 INFORMACIÓN [http-nio-8080-exec-28] org.apache.catalina.startup.HostConfig.deployWAR Deployment of web application archive [E:\JAVA_ANDRES_GUZMAN\Form\apache-tomcat-11.0.9\webapps\Webapp-Form.war] has finished in [64] ms
21-Jul-2025 18:35:20.012 INFORMACIÓN [Thread-1] org.apache.coyote.AbstractProtocol.pause Pausing ProtocolHandler ["http-nio-8080"]
21-Jul-2025 18:35:20.022 INFORMACIÓN [Thread-1] org.apache.catalina.core.StandardService.stopInternal Parando servicio [Catalina]
21-Jul-2025 18:35:20.054 INFORMACIÓN [Thread-1] org.apache.coyote.AbstractProtocol.stop Stopping ProtocolHandler ["http-nio-8080"]
21-Jul-2025 18:35:20.065 INFORMACIÓN [Thread-1] org.apache.coyote.AbstractProtocol.destroy Destroying ProtocolHandler ["http-nio-8080"]
