22-Jul-2025 09:38:00.576 INFORMACIÓN [main] org.apache.catalina.startup.VersionLoggerListener.log Nombre de la versión del servidor: Apache Tomcat/11.0.9
22-Jul-2025 09:38:00.581 INFORMACIÓN [main] org.apache.catalina.startup.VersionLoggerListener.log Server built:                      Jul 1 2025 20:39:04 UTC
22-Jul-2025 09:38:00.584 INFORMACIÓN [main] org.apache.catalina.startup.VersionLoggerListener.log Número de versión de servidor:     11.0.9.0
22-Jul-2025 09:38:00.584 INFORMACIÓN [main] org.apache.catalina.startup.VersionLoggerListener.log OS Name:                           Windows 10
22-Jul-2025 09:38:00.585 INFORMACIÓN [main] org.apache.catalina.startup.VersionLoggerListener.log Versión de Systema Operativo:      10.0
22-Jul-2025 09:38:00.585 INFORMACIÓN [main] org.apache.catalina.startup.VersionLoggerListener.log Arquitectura:                      amd64
22-Jul-2025 09:38:00.585 INFORMACIÓN [main] org.apache.catalina.startup.VersionLoggerListener.log Java Home:                         C:\Program Files\java\jdk21.0.6_7
22-Jul-2025 09:38:00.585 INFORMACIÓN [main] org.apache.catalina.startup.VersionLoggerListener.log JVM Version:                       21.0.6+7-LTS
22-Jul-2025 09:38:00.585 INFORMACIÓN [main] org.apache.catalina.startup.VersionLoggerListener.log Vededor JVM:                       Amazon.com Inc.
22-Jul-2025 09:38:00.586 INFORMACIÓN [main] org.apache.catalina.startup.VersionLoggerListener.log CATALINA_BASE:                     E:\repo-local\form-servlet-basico\apache-tomcat-11.0.9
22-Jul-2025 09:38:00.586 INFORMACIÓN [main] org.apache.catalina.startup.VersionLoggerListener.log CATALINA_HOME:                     E:\repo-local\form-servlet-basico\apache-tomcat-11.0.9
22-Jul-2025 09:38:00.597 INFORMACIÓN [main] org.apache.catalina.startup.VersionLoggerListener.log Command line argument:             -Djava.util.logging.config.file=E:\repo-local\form-servlet-basico\apache-tomcat-11.0.9\conf\logging.properties
22-Jul-2025 09:38:00.599 INFORMACIÓN [main] org.apache.catalina.startup.VersionLoggerListener.log Command line argument:             -Djava.util.logging.manager=org.apache.juli.ClassLoaderLogManager
22-Jul-2025 09:38:00.599 INFORMACIÓN [main] org.apache.catalina.startup.VersionLoggerListener.log Command line argument:             -Djdk.tls.ephemeralDHKeySize=2048
22-Jul-2025 09:38:00.599 INFORMACIÓN [main] org.apache.catalina.startup.VersionLoggerListener.log Command line argument:             --add-opens=java.base/java.lang=ALL-UNNAMED
22-Jul-2025 09:38:00.600 INFORMACIÓN [main] org.apache.catalina.startup.VersionLoggerListener.log Command line argument:             --add-opens=java.base/java.lang.reflect=ALL-UNNAMED
22-Jul-2025 09:38:00.600 INFORMACIÓN [main] org.apache.catalina.startup.VersionLoggerListener.log Command line argument:             --add-opens=java.base/java.io=ALL-UNNAMED
22-Jul-2025 09:38:00.601 INFORMACIÓN [main] org.apache.catalina.startup.VersionLoggerListener.log Command line argument:             --add-opens=java.base/java.util=ALL-UNNAMED
22-Jul-2025 09:38:00.601 INFORMACIÓN [main] org.apache.catalina.startup.VersionLoggerListener.log Command line argument:             --add-opens=java.base/java.util.concurrent=ALL-UNNAMED
22-Jul-2025 09:38:00.601 INFORMACIÓN [main] org.apache.catalina.startup.VersionLoggerListener.log Command line argument:             --add-opens=java.rmi/sun.rmi.transport=ALL-UNNAMED
22-Jul-2025 09:38:00.602 INFORMACIÓN [main] org.apache.catalina.startup.VersionLoggerListener.log Command line argument:             --enable-native-access=ALL-UNNAMED
22-Jul-2025 09:38:00.602 INFORMACIÓN [main] org.apache.catalina.startup.VersionLoggerListener.log Command line argument:             -Dcatalina.base=E:\repo-local\form-servlet-basico\apache-tomcat-11.0.9
22-Jul-2025 09:38:00.603 INFORMACIÓN [main] org.apache.catalina.startup.VersionLoggerListener.log Command line argument:             -Dcatalina.home=E:\repo-local\form-servlet-basico\apache-tomcat-11.0.9
22-Jul-2025 09:38:00.603 INFORMACIÓN [main] org.apache.catalina.startup.VersionLoggerListener.log Command line argument:             -Djava.io.tmpdir=E:\repo-local\form-servlet-basico\apache-tomcat-11.0.9\temp
22-Jul-2025 09:38:00.641 INFORMACIÓN [main] org.apache.catalina.core.AprLifecycleListener.lifecycleEvent Cargada la biblioteca nativa APR de Apache Tomcat [2.0.9] con la versión APR [1.7.6].
22-Jul-2025 09:38:00.649 INFORMACIÓN [main] org.apache.catalina.core.AprLifecycleListener.initializeSSL OpenSSL inicializado correctamente [OpenSSL 3.5.0 8 Apr 2025]
22-Jul-2025 09:38:01.042 INFORMACIÓN [main] org.apache.coyote.AbstractProtocol.init Inicializando el manejador de protocolo ["http-nio-8080"]

22-Jul-2025 09:38:01.070 INFORMACIÓN [main] org.apache.catalina.startup.Catalina.load Server initialization in [743] milliseconds
22-Jul-2025 09:38:01.138 INFORMACIÓN [main] org.apache.catalina.core.StandardService.startInternal Arrancando servicio [Catalina]
22-Jul-2025 09:38:01.138 INFORMACIÓN [main] org.apache.catalina.core.StandardEngine.startInternal Starting Servlet engine: [Apache Tomcat/11.0.9]
22-Jul-2025 09:38:01.233 INFORMACIÓN [main] org.apache.catalina.startup.HostConfig.deployWAR Despliegue del archivo [E:\repo-local\form-servlet-basico\apache-tomcat-11.0.9\webapps\Webapp-Form.war] de la aplicación web
22-Jul-2025 09:38:01.259 INFORMACIÓN [main] org.apache.catalina.startup.ExpandWar.expand An expanded directory [E:\repo-local\form-servlet-basico\apache-tomcat-11.0.9\webapps\Webapp-Form] was found with a last modified time that did not match the associated WAR. It will be deleted.
22-Jul-2025 09:38:01.733 INFORMACIÓN [main] org.apache.catalina.startup.HostConfig.deployWAR Deployment of web application archive [E:\repo-local\form-servlet-basico\apache-tomcat-11.0.9\webapps\Webapp-Form.war] has finished in [482] ms
22-Jul-2025 09:38:01.735 INFORMACIÓN [main] org.apache.catalina.startup.HostConfig.deployDirectory Desplegando el directorio [E:\repo-local\form-servlet-basico\apache-tomcat-11.0.9\webapps\docs] de la aplicación web
22-Jul-2025 09:38:01.797 INFORMACIÓN [main] org.apache.catalina.startup.HostConfig.deployDirectory Deployment of web application directory [E:\repo-local\form-servlet-basico\apache-tomcat-11.0.9\webapps\docs] has finished in [62] ms
22-Jul-2025 09:38:01.797 INFORMACIÓN [main] org.apache.catalina.startup.HostConfig.deployDirectory Desplegando el directorio [E:\repo-local\form-servlet-basico\apache-tomcat-11.0.9\webapps\examples] de la aplicación web
22-Jul-2025 09:38:02.563 INFORMACIÓN [main] org.apache.catalina.startup.HostConfig.deployDirectory Deployment of web application directory [E:\repo-local\form-servlet-basico\apache-tomcat-11.0.9\webapps\examples] has finished in [766] ms
22-Jul-2025 09:38:02.563 INFORMACIÓN [main] org.apache.catalina.startup.HostConfig.deployDirectory Desplegando el directorio [E:\repo-local\form-servlet-basico\apache-tomcat-11.0.9\webapps\host-manager] de la aplicación web
22-Jul-2025 09:38:02.611 INFORMACIÓN [main] org.apache.catalina.startup.HostConfig.deployDirectory Deployment of web application directory [E:\repo-local\form-servlet-basico\apache-tomcat-11.0.9\webapps\host-manager] has finished in [47] ms
22-Jul-2025 09:38:02.611 INFORMACIÓN [main] org.apache.catalina.startup.HostConfig.deployDirectory Desplegando el directorio [E:\repo-local\form-servlet-basico\apache-tomcat-11.0.9\webapps\manager] de la aplicación web
22-Jul-2025 09:38:02.652 INFORMACIÓN [main] org.apache.catalina.startup.HostConfig.deployDirectory Deployment of web application directory [E:\repo-local\form-servlet-basico\apache-tomcat-11.0.9\webapps\manager] has finished in [41] ms
22-Jul-2025 09:38:02.653 INFORMACIÓN [main] org.apache.catalina.startup.HostConfig.deployDirectory Desplegando el directorio [E:\repo-local\form-servlet-basico\apache-tomcat-11.0.9\webapps\ROOT] de la aplicación web
22-Jul-2025 09:38:02.687 INFORMACIÓN [main] org.apache.catalina.startup.HostConfig.deployDirectory Deployment of web application directory [E:\repo-local\form-servlet-basico\apache-tomcat-11.0.9\webapps\ROOT] has finished in [33] ms
22-Jul-2025 09:38:02.694 INFORMACIÓN [main] org.apache.coyote.AbstractProtocol.start Starting ProtocolHandler ["http-nio-8080"]
22-Jul-2025 09:38:02.726 INFORMACIÓN [main] org.apache.catalina.startup.Catalina.start Server startup in [1653] milliseconds
22-Jul-2025 09:38:53.064 INFORMACIÓN [http-nio-8080-exec-1] org.apache.catalina.startup.HostConfig.undeploy Repliegue (undeploy) de la aplicación web que tiene como trayectoria de contexto [/Webapp-Form]
22-Jul-2025 09:38:53.083 INFORMACIÓN [http-nio-8080-exec-1] org.apache.catalina.startup.HostConfig.deployWAR Despliegue del archivo [E:\repo-local\form-servlet-basico\apache-tomcat-11.0.9\webapps\Webapp-Form.war] de la aplicación web
22-Jul-2025 09:38:53.126 INFORMACIÓN [http-nio-8080-exec-1] org.apache.catalina.startup.HostConfig.deployWAR Deployment of web application archive [E:\repo-local\form-servlet-basico\apache-tomcat-11.0.9\webapps\Webapp-Form.war] has finished in [44] ms
22-Jul-2025 09:39:31.107 INFORMACIÓN [http-nio-8080-exec-3] org.apache.catalina.startup.HostConfig.undeploy Repliegue (undeploy) de la aplicación web que tiene como trayectoria de contexto [/Webapp-Form]
22-Jul-2025 09:39:31.120 INFORMACIÓN [http-nio-8080-exec-3] org.apache.catalina.startup.HostConfig.deployWAR Despliegue del archivo [E:\repo-local\form-servlet-basico\apache-tomcat-11.0.9\webapps\Webapp-Form.war] de la aplicación web
22-Jul-2025 09:39:31.176 INFORMACIÓN [http-nio-8080-exec-3] org.apache.catalina.startup.HostConfig.deployWAR Deployment of web application archive [E:\repo-local\form-servlet-basico\apache-tomcat-11.0.9\webapps\Webapp-Form.war] has finished in [55] ms
22-Jul-2025 09:41:39.728 INFORMACIÓN [Thread-1] org.apache.coyote.AbstractProtocol.pause Pausing ProtocolHandler ["http-nio-8080"]
22-Jul-2025 09:41:39.744 INFORMACIÓN [Thread-1] org.apache.catalina.core.StandardService.stopInternal Parando servicio [Catalina]
22-Jul-2025 09:41:39.774 INFORMACIÓN [Thread-1] org.apache.coyote.AbstractProtocol.stop Stopping ProtocolHandler ["http-nio-8080"]
22-Jul-2025 09:41:39.785 INFORMACIÓN [Thread-1] org.apache.coyote.AbstractProtocol.destroy Destroying ProtocolHandler ["http-nio-8080"]
