21-Jul-2025 15:30:21.896 INFORMACIÓN [http-nio-8080-exec-1] org.apache.catalina.core.ApplicationContext.log Manager: init: Associated with Deployer 'Catalina:type=Deployer,host=localhost'
21-Jul-2025 15:30:21.896 INFORMACIÓN [http-nio-8080-exec-1] org.apache.catalina.core.ApplicationContext.log Manager: init: Global resources are available
21-Jul-2025 15:30:21.902 INFORMACIÓN [http-nio-8080-exec-1] org.apache.catalina.core.ApplicationContext.log Manager: deploy: Deploying web application '/Webapp-Form'
21-Jul-2025 15:30:21.903 INFORMACIÓN [http-nio-8080-exec-1] org.apache.catalina.core.ApplicationContext.log Manager: Uploading WAR file to E:\JAVA_ANDRES_GUZMAN\Form\apache-tomcat-11.0.9\webapps\Webapp-Form.war.tmp
21-Jul-2025 15:41:06.521 INFORMACIÓN [http-nio-8080-exec-2] org.apache.catalina.core.ApplicationContext.log HTMLManager: init: Associated with Deployer 'Catalina:type=Deployer,host=localhost'
21-Jul-2025 15:41:06.521 INFORMACIÓN [http-nio-8080-exec-2] org.apache.catalina.core.ApplicationContext.log HTMLManager: init: Global resources are available
21-Jul-2025 15:41:06.532 INFORMACIÓN [http-nio-8080-exec-2] org.apache.catalina.core.ApplicationContext.log HTMLManager: list: Listing contexts for virtual host 'localhost'
21-Jul-2025 15:52:12.062 INFORMACIÓN [http-nio-8080-exec-8] org.apache.catalina.core.ApplicationContext.log HTMLManager: list: Listing contexts for virtual host 'localhost'
21-Jul-2025 15:52:32.559 INFORMACIÓN [http-nio-8080-exec-1] org.apache.catalina.core.ApplicationContext.log HTMLManager: undeploy: Undeploying web application at '/Webapp-Form'
21-Jul-2025 15:52:32.585 INFORMACIÓN [http-nio-8080-exec-1] org.apache.catalina.core.ApplicationContext.log HTMLManager: list: Listing contexts for virtual host 'localhost'
21-Jul-2025 15:56:40.611 INFORMACIÓN [http-nio-8080-exec-1] org.apache.catalina.core.ApplicationContext.log Manager: init: Associated with Deployer 'Catalina:type=Deployer,host=localhost'
21-Jul-2025 15:56:40.612 INFORMACIÓN [http-nio-8080-exec-1] org.apache.catalina.core.ApplicationContext.log Manager: init: Global resources are available
21-Jul-2025 15:56:40.617 INFORMACIÓN [http-nio-8080-exec-1] org.apache.catalina.core.ApplicationContext.log Manager: deploy: Deploying web application '/Webapp-Form'
21-Jul-2025 15:56:40.617 INFORMACIÓN [http-nio-8080-exec-1] org.apache.catalina.core.ApplicationContext.log Manager: Uploading WAR file to E:\JAVA_ANDRES_GUZMAN\Form\apache-tomcat-11.0.9\webapps\Webapp-Form.war.tmp
21-Jul-2025 16:10:07.518 INFORMACIÓN [http-nio-8080-exec-1] org.apache.catalina.core.ApplicationContext.log Manager: init: Associated with Deployer 'Catalina:type=Deployer,host=localhost'
21-Jul-2025 16:10:07.518 INFORMACIÓN [http-nio-8080-exec-1] org.apache.catalina.core.ApplicationContext.log Manager: init: Global resources are available
21-Jul-2025 16:10:07.523 INFORMACIÓN [http-nio-8080-exec-1] org.apache.catalina.core.ApplicationContext.log Manager: deploy: Deploying web application '/Webapp-Form'
21-Jul-2025 16:10:07.524 INFORMACIÓN [http-nio-8080-exec-1] org.apache.catalina.core.ApplicationContext.log Manager: Uploading WAR file to E:\JAVA_ANDRES_GUZMAN\Form\apache-tomcat-11.0.9\webapps\Webapp-Form.war.tmp
21-Jul-2025 17:23:54.065 INFORMACIÓN [http-nio-8080-exec-1] org.apache.catalina.core.ApplicationContext.log Manager: init: Associated with Deployer 'Catalina:type=Deployer,host=localhost'
21-Jul-2025 17:23:54.065 INFORMACIÓN [http-nio-8080-exec-1] org.apache.catalina.core.ApplicationContext.log Manager: init: Global resources are available
21-Jul-2025 17:23:54.073 INFORMACIÓN [http-nio-8080-exec-1] org.apache.catalina.core.ApplicationContext.log Manager: deploy: Deploying web application '/Webapp-Form'
21-Jul-2025 17:23:54.074 INFORMACIÓN [http-nio-8080-exec-1] org.apache.catalina.core.ApplicationContext.log Manager: Uploading WAR file to E:\JAVA_ANDRES_GUZMAN\Form\apache-tomcat-11.0.9\webapps\Webapp-Form.war.tmp
21-Jul-2025 17:26:48.650 INFORMACIÓN [http-nio-8080-exec-1] org.apache.catalina.core.ApplicationContext.log Manager: init: Associated with Deployer 'Catalina:type=Deployer,host=localhost'
21-Jul-2025 17:26:48.651 INFORMACIÓN [http-nio-8080-exec-1] org.apache.catalina.core.ApplicationContext.log Manager: init: Global resources are available
21-Jul-2025 17:26:48.658 INFORMACIÓN [http-nio-8080-exec-1] org.apache.catalina.core.ApplicationContext.log Manager: deploy: Deploying web application '/Webapp-Form'
21-Jul-2025 17:26:48.659 INFORMACIÓN [http-nio-8080-exec-1] org.apache.catalina.core.ApplicationContext.log Manager: Uploading WAR file to E:\JAVA_ANDRES_GUZMAN\Form\apache-tomcat-11.0.9\webapps\Webapp-Form.war.tmp
21-Jul-2025 17:27:20.004 INFORMACIÓN [http-nio-8080-exec-5] org.apache.catalina.core.ApplicationContext.log Manager: deploy: Deploying web application '/Webapp-Form'
21-Jul-2025 17:27:20.004 INFORMACIÓN [http-nio-8080-exec-5] org.apache.catalina.core.ApplicationContext.log Manager: Uploading WAR file to E:\JAVA_ANDRES_GUZMAN\Form\apache-tomcat-11.0.9\webapps\Webapp-Form.war.tmp
21-Jul-2025 17:55:05.295 INFORMACIÓN [http-nio-8080-exec-14] org.apache.catalina.core.ApplicationContext.log Manager: deploy: Deploying web application '/Webapp-Form'
21-Jul-2025 17:55:05.295 INFORMACIÓN [http-nio-8080-exec-14] org.apache.catalina.core.ApplicationContext.log Manager: Uploading WAR file to E:\JAVA_ANDRES_GUZMAN\Form\apache-tomcat-11.0.9\webapps\Webapp-Form.war.tmp
21-Jul-2025 18:01:27.410 INFORMACIÓN [http-nio-8080-exec-25] org.apache.catalina.core.ApplicationContext.log Manager: deploy: Deploying web application '/Webapp-Form'
21-Jul-2025 18:01:27.410 INFORMACIÓN [http-nio-8080-exec-25] org.apache.catalina.core.ApplicationContext.log Manager: Uploading WAR file to E:\JAVA_ANDRES_GUZMAN\Form\apache-tomcat-11.0.9\webapps\Webapp-Form.war.tmp
21-Jul-2025 18:02:09.781 INFORMACIÓN [http-nio-8080-exec-26] org.apache.catalina.core.ApplicationContext.log Manager: deploy: Deploying web application '/Webapp-Form'
21-Jul-2025 18:02:09.781 INFORMACIÓN [http-nio-8080-exec-26] org.apache.catalina.core.ApplicationContext.log Manager: Uploading WAR file to E:\JAVA_ANDRES_GUZMAN\Form\apache-tomcat-11.0.9\webapps\Webapp-Form.war.tmp
21-Jul-2025 18:03:31.017 INFORMACIÓN [http-nio-8080-exec-35] org.apache.catalina.core.ApplicationContext.log Manager: deploy: Deploying web application '/Webapp-Form'
21-Jul-2025 18:03:31.017 INFORMACIÓN [http-nio-8080-exec-35] org.apache.catalina.core.ApplicationContext.log Manager: Uploading WAR file to E:\JAVA_ANDRES_GUZMAN\Form\apache-tomcat-11.0.9\webapps\Webapp-Form.war.tmp
21-Jul-2025 18:07:06.587 INFORMACIÓN [http-nio-8080-exec-44] org.apache.catalina.core.ApplicationContext.log Manager: deploy: Deploying web application '/Webapp-Form'
21-Jul-2025 18:07:06.588 INFORMACIÓN [http-nio-8080-exec-44] org.apache.catalina.core.ApplicationContext.log Manager: Uploading WAR file to E:\JAVA_ANDRES_GUZMAN\Form\apache-tomcat-11.0.9\webapps\Webapp-Form.war.tmp
21-Jul-2025 18:08:55.209 INFORMACIÓN [http-nio-8080-exec-53] org.apache.catalina.core.ApplicationContext.log Manager: deploy: Deploying web application '/Webapp-Form'
21-Jul-2025 18:08:55.209 INFORMACIÓN [http-nio-8080-exec-53] org.apache.catalina.core.ApplicationContext.log Manager: Uploading WAR file to E:\JAVA_ANDRES_GUZMAN\Form\apache-tomcat-11.0.9\webapps\Webapp-Form.war.tmp
21-Jul-2025 18:09:34.667 INFORMACIÓN [http-nio-8080-exec-48] org.apache.catalina.core.ApplicationContext.log Manager: deploy: Deploying web application '/Webapp-Form'
21-Jul-2025 18:09:34.667 INFORMACIÓN [http-nio-8080-exec-48] org.apache.catalina.core.ApplicationContext.log Manager: Uploading WAR file to E:\JAVA_ANDRES_GUZMAN\Form\apache-tomcat-11.0.9\webapps\Webapp-Form.war.tmp
21-Jul-2025 18:12:21.172 INFORMACIÓN [http-nio-8080-exec-64] org.apache.catalina.core.ApplicationContext.log Manager: deploy: Deploying web application '/Webapp-Form'
21-Jul-2025 18:12:21.172 INFORMACIÓN [http-nio-8080-exec-64] org.apache.catalina.core.ApplicationContext.log Manager: Uploading WAR file to E:\JAVA_ANDRES_GUZMAN\Form\apache-tomcat-11.0.9\webapps\Webapp-Form.war.tmp
21-Jul-2025 18:14:23.212 INFORMACIÓN [http-nio-8080-exec-1] org.apache.catalina.core.ApplicationContext.log Manager: init: Associated with Deployer 'Catalina:type=Deployer,host=localhost'
21-Jul-2025 18:14:23.212 INFORMACIÓN [http-nio-8080-exec-1] org.apache.catalina.core.ApplicationContext.log Manager: init: Global resources are available
21-Jul-2025 18:14:23.218 INFORMACIÓN [http-nio-8080-exec-1] org.apache.catalina.core.ApplicationContext.log Manager: deploy: Deploying web application '/Webapp-Form'
21-Jul-2025 18:14:23.218 INFORMACIÓN [http-nio-8080-exec-1] org.apache.catalina.core.ApplicationContext.log Manager: Uploading WAR file to E:\JAVA_ANDRES_GUZMAN\Form\apache-tomcat-11.0.9\webapps\Webapp-Form.war.tmp
21-Jul-2025 18:16:38.713 INFORMACIÓN [http-nio-8080-exec-11] org.apache.catalina.core.ApplicationContext.log Manager: deploy: Deploying web application '/Webapp-Form'
21-Jul-2025 18:16:38.713 INFORMACIÓN [http-nio-8080-exec-11] org.apache.catalina.core.ApplicationContext.log Manager: Uploading WAR file to E:\JAVA_ANDRES_GUZMAN\Form\apache-tomcat-11.0.9\webapps\Webapp-Form.war.tmp
21-Jul-2025 18:21:39.158 INFORMACIÓN [http-nio-8080-exec-1] org.apache.catalina.core.ApplicationContext.log Manager: init: Associated with Deployer 'Catalina:type=Deployer,host=localhost'
21-Jul-2025 18:21:39.158 INFORMACIÓN [http-nio-8080-exec-1] org.apache.catalina.core.ApplicationContext.log Manager: init: Global resources are available
21-Jul-2025 18:21:39.163 INFORMACIÓN [http-nio-8080-exec-1] org.apache.catalina.core.ApplicationContext.log Manager: deploy: Deploying web application '/Webapp-Form'
21-Jul-2025 18:21:39.163 INFORMACIÓN [http-nio-8080-exec-1] org.apache.catalina.core.ApplicationContext.log Manager: Uploading WAR file to E:\JAVA_ANDRES_GUZMAN\Form\apache-tomcat-11.0.9\webapps\Webapp-Form.war.tmp
21-Jul-2025 18:27:40.840 INFORMACIÓN [http-nio-8080-exec-11] org.apache.catalina.core.ApplicationContext.log Manager: deploy: Deploying web application '/Webapp-Form'
21-Jul-2025 18:27:40.840 INFORMACIÓN [http-nio-8080-exec-11] org.apache.catalina.core.ApplicationContext.log Manager: Uploading WAR file to E:\JAVA_ANDRES_GUZMAN\Form\apache-tomcat-11.0.9\webapps\Webapp-Form.war.tmp
21-Jul-2025 18:28:36.463 INFORMACIÓN [http-nio-8080-exec-21] org.apache.catalina.core.ApplicationContext.log Manager: deploy: Deploying web application '/Webapp-Form'
21-Jul-2025 18:28:36.463 INFORMACIÓN [http-nio-8080-exec-21] org.apache.catalina.core.ApplicationContext.log Manager: Uploading WAR file to E:\JAVA_ANDRES_GUZMAN\Form\apache-tomcat-11.0.9\webapps\Webapp-Form.war.tmp
21-Jul-2025 18:31:05.136 INFORMACIÓN [http-nio-8080-exec-28] org.apache.catalina.core.ApplicationContext.log Manager: deploy: Deploying web application '/Webapp-Form'
21-Jul-2025 18:31:05.137 INFORMACIÓN [http-nio-8080-exec-28] org.apache.catalina.core.ApplicationContext.log Manager: Uploading WAR file to E:\JAVA_ANDRES_GUZMAN\Form\apache-tomcat-11.0.9\webapps\Webapp-Form.war.tmp
